2020-07-05 15:58:23 method: com.lemon.cases.BaseCase.init(BaseCase.java:44) - [ INFO ]----===============init================================
2020-07-05 15:58:23 method: com.lemon.cases.BaseCase.init(BaseCase.java:56) - [ INFO ]----AuthenticationUtils.VARS=================={${amount}=3500, ${register_mb}=18774609323, ${login_pwd}=123123123, ${register_pwd}=12345678, ${login_mb}=13212312312}
2020-07-05 15:58:24 method: com.lemon.utils.HttpUtils.printResponse(HttpUtils.java:222) - [ INFO ]----[Server: nginx/1.4.2, Date: Sun, 05 Jul 2020 07:58:25 GMT, Content-Type: application/json;charset=UTF-8, Transfer-Encoding: chunked, Connection: keep-alive]
2020-07-05 15:58:24 method: com.lemon.utils.HttpUtils.printResponse(HttpUtils.java:228) - [ INFO ]----{"code":1,"msg":"密码为空","data":null,"copyright":"Copyright 柠檬班 © 2017-2020 湖南省零檬信息技术有限公司 All Rights Reserved"}
2020-07-05 15:58:24 method: com.lemon.utils.HttpUtils.printResponse(HttpUtils.java:234) - [ INFO ]----200
2020-07-05 15:58:25 method: com.lemon.utils.HttpUtils.printResponse(HttpUtils.java:222) - [ INFO ]----[Server: nginx/1.4.2, Date: Sun, 05 Jul 2020 07:58:25 GMT, Content-Type: application/json;charset=UTF-8, Transfer-Encoding: chunked, Connection: keep-alive]
2020-07-05 15:58:25 method: com.lemon.utils.HttpUtils.printResponse(HttpUtils.java:228) - [ INFO ]----{"code":1,"msg":"手机号为空","data":null,"copyright":"Copyright 柠檬班 © 2017-2020 湖南省零檬信息技术有限公司 All Rights Reserved"}
2020-07-05 15:58:25 method: com.lemon.utils.HttpUtils.printResponse(HttpUtils.java:234) - [ INFO ]----200
2020-07-05 15:58:25 method: com.lemon.utils.HttpUtils.printResponse(HttpUtils.java:222) - [ INFO ]----[Server: nginx/1.4.2, Date: Sun, 05 Jul 2020 07:58:25 GMT, Content-Type: application/json;charset=UTF-8, Transfer-Encoding: chunked, Connection: keep-alive]
2020-07-05 15:58:25 method: com.lemon.utils.HttpUtils.printResponse(HttpUtils.java:228) - [ INFO ]----{"code":2,"msg":"无效的手机格式","data":null,"copyright":"Copyright 柠檬班 © 2017-2020 湖南省零檬信息技术有限公司 All Rights Reserved"}
2020-07-05 15:58:25 method: com.lemon.utils.HttpUtils.printResponse(HttpUtils.java:234) - [ INFO ]----200
2020-07-05 15:58:25 method: com.lemon.utils.HttpUtils.printResponse(HttpUtils.java:222) - [ INFO ]----[Server: nginx/1.4.2, Date: Sun, 05 Jul 2020 07:58:25 GMT, Content-Type: application/json;charset=UTF-8, Transfer-Encoding: chunked, Connection: keep-alive]
2020-07-05 15:58:25 method: com.lemon.utils.HttpUtils.printResponse(HttpUtils.java:228) - [ INFO ]----{"code":2,"msg":"密码格式为8到16位","data":null,"copyright":"Copyright 柠檬班 © 2017-2020 湖南省零檬信息技术有限公司 All Rights Reserved"}
2020-07-05 15:58:25 method: com.lemon.utils.HttpUtils.printResponse(HttpUtils.java:234) - [ INFO ]----200
2020-07-05 15:58:26 method: com.lemon.utils.HttpUtils.printResponse(HttpUtils.java:222) - [ INFO ]----[Server: nginx/1.4.2, Date: Sun, 05 Jul 2020 07:58:26 GMT, Content-Type: application/json;charset=UTF-8, Transfer-Encoding: chunked, Connection: keep-alive]
2020-07-05 15:58:26 method: com.lemon.utils.HttpUtils.printResponse(HttpUtils.java:228) - [ INFO ]----{"code":2,"msg":"账号已存在","data":null,"copyright":"Copyright 柠檬班 © 2017-2020 湖南省零檬信息技术有限公司 All Rights Reserved"}
2020-07-05 15:58:26 method: com.lemon.utils.HttpUtils.printResponse(HttpUtils.java:234) - [ INFO ]----200
2020-07-05 15:58:26 method: com.lemon.utils.HttpUtils.printResponse(HttpUtils.java:222) - [ INFO ]----[Server: nginx/1.4.2, Date: Sun, 05 Jul 2020 07:58:26 GMT, Content-Type: application/json;charset=UTF-8, Transfer-Encoding: chunked, Connection: keep-alive]
2020-07-05 15:58:26 method: com.lemon.utils.HttpUtils.printResponse(HttpUtils.java:228) - [ INFO ]----{"code":2,"msg":"账号已存在","data":null,"copyright":"Copyright 柠檬班 © 2017-2020 湖南省零檬信息技术有限公司 All Rights Reserved"}
2020-07-05 15:58:26 method: com.lemon.utils.HttpUtils.printResponse(HttpUtils.java:234) - [ INFO ]----200
2020-07-05 15:58:26 method: com.lemon.utils.HttpUtils.printResponse(HttpUtils.java:222) - [ INFO ]----[Server: nginx/1.4.2, Date: Sun, 05 Jul 2020 07:58:27 GMT, Content-Type: application/json;charset=UTF-8, Transfer-Encoding: chunked, Connection: keep-alive]
2020-07-05 15:58:26 method: com.lemon.utils.HttpUtils.printResponse(HttpUtils.java:228) - [ INFO ]----{"code":1,"msg":"密码为空","data":null,"copyright":"Copyright 柠檬班 © 2017-2020 湖南省零檬信息技术有限公司 All Rights Reserved"}
2020-07-05 15:58:26 method: com.lemon.utils.HttpUtils.printResponse(HttpUtils.java:234) - [ INFO ]----200
2020-07-05 15:58:27 method: com.lemon.utils.HttpUtils.printResponse(HttpUtils.java:222) - [ INFO ]----[Server: nginx/1.4.2, Date: Sun, 05 Jul 2020 07:58:27 GMT, Content-Type: application/json;charset=UTF-8, Transfer-Encoding: chunked, Connection: keep-alive]
2020-07-05 15:58:27 method: com.lemon.utils.HttpUtils.printResponse(HttpUtils.java:228) - [ INFO ]----{"code":1,"msg":"手机号码为空","data":null,"copyright":"Copyright 柠檬班 © 2017-2020 湖南省零檬信息技术有限公司 All Rights Reserved"}
2020-07-05 15:58:27 method: com.lemon.utils.HttpUtils.printResponse(HttpUtils.java:234) - [ INFO ]----200
2020-07-05 15:58:27 method: com.lemon.utils.HttpUtils.printResponse(HttpUtils.java:222) - [ INFO ]----[Server: nginx/1.4.2, Date: Sun, 05 Jul 2020 07:58:27 GMT, Content-Type: application/json;charset=UTF-8, Transfer-Encoding: chunked, Connection: keep-alive]
2020-07-05 15:58:27 method: com.lemon.utils.HttpUtils.printResponse(HttpUtils.java:228) - [ INFO ]----{"code":2,"msg":"无效的手机格式","data":null,"copyright":"Copyright 柠檬班 © 2017-2020 湖南省零檬信息技术有限公司 All Rights Reserved"}
2020-07-05 15:58:27 method: com.lemon.utils.HttpUtils.printResponse(HttpUtils.java:234) - [ INFO ]----200
2020-07-05 15:58:27 method: com.lemon.utils.HttpUtils.printResponse(HttpUtils.java:222) - [ INFO ]----[Server: nginx/1.4.2, Date: Sun, 05 Jul 2020 07:58:27 GMT, Content-Type: application/json;charset=UTF-8, Transfer-Encoding: chunked, Connection: keep-alive]
2020-07-05 15:58:27 method: com.lemon.utils.HttpUtils.printResponse(HttpUtils.java:228) - [ INFO ]----{"code":1,"msg":"手机号码为空","data":null,"copyright":"Copyright 柠檬班 © 2017-2020 湖南省零檬信息技术有限公司 All Rights Reserved"}
2020-07-05 15:58:27 method: com.lemon.utils.HttpUtils.printResponse(HttpUtils.java:234) - [ INFO ]----200
2020-07-05 15:58:27 method: com.lemon.utils.HttpUtils.printResponse(HttpUtils.java:222) - [ INFO ]----[Server: nginx/1.4.2, Date: Sun, 05 Jul 2020 07:58:27 GMT, Content-Type: application/json;charset=UTF-8, Transfer-Encoding: chunked, Connection: keep-alive]
2020-07-05 15:58:27 method: com.lemon.utils.HttpUtils.printResponse(HttpUtils.java:228) - [ INFO ]----{"code":0,"msg":"OK","data":{"id":215223,"leave_amount":273000.0,"mobile_phone":"18774609323","reg_name":"小柠檬","reg_time":"2020-07-02 17:00:50.0","type":0,"token_info":{"token_type":"Bearer","expires_in":"2020-07-05 16:03:27","token":"eyJhbGciOiJIUzUxMiJ9.eyJtZW1iZXJfaWQiOjIxNTIyMywiZXhwIjoxNTkzOTM2MjA3fQ.WcQEZWYYgiZCHxHOU0uv_R5KwLy2jD0A4ps4PVFRrpXIJCCa4gQ3kfuNHddoFdHKaML-fBQ_qm-g8EylmNpMRA"}},"copyright":"Copyright 柠檬班 © 2017-2020 湖南省零檬信息技术有限公司 All Rights Reserved"}
2020-07-05 15:58:27 method: com.lemon.utils.HttpUtils.printResponse(HttpUtils.java:234) - [ INFO ]----200
2020-07-05 15:58:27 method: com.lemon.utils.HttpUtils.printResponse(HttpUtils.java:222) - [ INFO ]----[Server: nginx/1.4.2, Date: Sun, 05 Jul 2020 07:58:27 GMT, Content-Type: application/json;charset=UTF-8, Transfer-Encoding: chunked, Connection: keep-alive]
2020-07-05 15:58:27 method: com.lemon.utils.HttpUtils.printResponse(HttpUtils.java:228) - [ INFO ]----{"code":0,"msg":"OK","data":{"id":215223,"leave_amount":273000.0,"mobile_phone":"18774609323","reg_name":"小柠檬","reg_time":"2020-07-02 17:00:50.0","type":0,"token_info":{"token_type":"Bearer","expires_in":"2020-07-05 16:03:27","token":"eyJhbGciOiJIUzUxMiJ9.eyJtZW1iZXJfaWQiOjIxNTIyMywiZXhwIjoxNTkzOTM2MjA3fQ.WcQEZWYYgiZCHxHOU0uv_R5KwLy2jD0A4ps4PVFRrpXIJCCa4gQ3kfuNHddoFdHKaML-fBQ_qm-g8EylmNpMRA"}},"copyright":"Copyright 柠檬班 © 2017-2020 湖南省零檬信息技术有限公司 All Rights Reserved"}
2020-07-05 15:58:27 method: com.lemon.utils.HttpUtils.printResponse(HttpUtils.java:234) - [ INFO ]----200
2020-07-05 15:58:27 method: com.lemon.utils.HttpUtils.printResponse(HttpUtils.java:222) - [ INFO ]----[Server: nginx/1.4.2, Date: Sun, 05 Jul 2020 07:58:27 GMT, Content-Type: application/json;charset=UTF-8, Transfer-Encoding: chunked, Connection: keep-alive]
2020-07-05 15:58:27 method: com.lemon.utils.HttpUtils.printResponse(HttpUtils.java:228) - [ INFO ]----{"code":1007,"msg":"无权限访问，请检查参数","data":null,"copyright":"Copyright 柠檬班 © 2017-2020 湖南省零檬信息技术有限公司 All Rights Reserved"}
2020-07-05 15:58:27 method: com.lemon.utils.HttpUtils.printResponse(HttpUtils.java:234) - [ INFO ]----200
2020-07-05 15:58:27 method: com.lemon.utils.HttpUtils.printResponse(HttpUtils.java:222) - [ INFO ]----[Server: nginx/1.4.2, Date: Sun, 05 Jul 2020 07:58:27 GMT, Content-Type: application/json;charset=UTF-8, Transfer-Encoding: chunked, Connection: keep-alive]
2020-07-05 15:58:27 method: com.lemon.utils.HttpUtils.printResponse(HttpUtils.java:228) - [ INFO ]----{"code":2,"msg":"余额必须大于0并且小于或者等于500000","data":null,"copyright":"Copyright 柠檬班 © 2017-2020 湖南省零檬信息技术有限公司 All Rights Reserved"}
2020-07-05 15:58:27 method: com.lemon.utils.HttpUtils.printResponse(HttpUtils.java:234) - [ INFO ]----200
2020-07-05 15:58:27 method: com.lemon.utils.HttpUtils.printResponse(HttpUtils.java:222) - [ INFO ]----[Server: nginx/1.4.2, Date: Sun, 05 Jul 2020 07:58:27 GMT, Content-Type: application/json;charset=UTF-8, Transfer-Encoding: chunked, Connection: keep-alive]
2020-07-05 15:58:27 method: com.lemon.utils.HttpUtils.printResponse(HttpUtils.java:228) - [ INFO ]----{"code":2,"msg":"余额必须大于0并且小于或者等于500000","data":null,"copyright":"Copyright 柠檬班 © 2017-2020 湖南省零檬信息技术有限公司 All Rights Reserved"}
2020-07-05 15:58:27 method: com.lemon.utils.HttpUtils.printResponse(HttpUtils.java:234) - [ INFO ]----200
2020-07-05 15:58:27 method: com.lemon.utils.HttpUtils.printResponse(HttpUtils.java:222) - [ INFO ]----[Server: nginx/1.4.2, Date: Sun, 05 Jul 2020 07:58:28 GMT, Content-Type: application/json;charset=UTF-8, Transfer-Encoding: chunked, Connection: keep-alive]
2020-07-05 15:58:27 method: com.lemon.utils.HttpUtils.printResponse(HttpUtils.java:228) - [ INFO ]----{"code":2,"msg":"余额必须为数值型","data":null,"copyright":"Copyright 柠檬班 © 2017-2020 湖南省零檬信息技术有限公司 All Rights Reserved"}
2020-07-05 15:58:27 method: com.lemon.utils.HttpUtils.printResponse(HttpUtils.java:234) - [ INFO ]----200
2020-07-05 15:58:28 method: com.lemon.utils.HttpUtils.printResponse(HttpUtils.java:222) - [ INFO ]----[Server: nginx/1.4.2, Date: Sun, 05 Jul 2020 07:58:28 GMT, Content-Type: application/json;charset=UTF-8, Transfer-Encoding: chunked, Connection: keep-alive]
2020-07-05 15:58:28 method: com.lemon.utils.HttpUtils.printResponse(HttpUtils.java:228) - [ INFO ]----{"code":0,"msg":"OK","data":{"id":215223,"leave_amount":276500.0,"mobile_phone":"18774609323","reg_name":"小柠檬","reg_time":"2020-07-02 17:00:50.0","type":0},"copyright":"Copyright 柠檬班 © 2017-2020 湖南省零檬信息技术有限公司 All Rights Reserved"}
2020-07-05 15:58:28 method: com.lemon.utils.HttpUtils.printResponse(HttpUtils.java:234) - [ INFO ]----200
2020-07-05 15:58:29 method: com.lemon.utils.HttpUtils.printResponse(HttpUtils.java:222) - [ INFO ]----[Server: nginx/1.4.2, Date: Sun, 05 Jul 2020 07:58:29 GMT, Content-Type: application/json;charset=UTF-8, Transfer-Encoding: chunked, Connection: keep-alive]
2020-07-05 15:58:29 method: com.lemon.utils.HttpUtils.printResponse(HttpUtils.java:228) - [ INFO ]----{"code":0,"msg":"OK","data":{"id":215223,"leave_amount":280000.0,"mobile_phone":"18774609323","reg_name":"小柠檬","reg_time":"2020-07-02 17:00:50.0","type":0},"copyright":"Copyright 柠檬班 © 2017-2020 湖南省零檬信息技术有限公司 All Rights Reserved"}
2020-07-05 15:58:29 method: com.lemon.utils.HttpUtils.printResponse(HttpUtils.java:234) - [ INFO ]----200
2020-07-05 15:58:29 method: com.lemon.utils.HttpUtils.printResponse(HttpUtils.java:222) - [ INFO ]----[Server: nginx/1.4.2, Date: Sun, 05 Jul 2020 07:58:30 GMT, Content-Type: application/json;charset=UTF-8, Transfer-Encoding: chunked, Connection: keep-alive]
2020-07-05 15:58:29 method: com.lemon.utils.HttpUtils.printResponse(HttpUtils.java:228) - [ INFO ]----{"code":0,"msg":"OK","data":{"id":1301797,"member_id":215223,"title":"报名 Java 全栈自动化课程","amount":6300.0,"loan_rate":12.0,"loan_term":12,"loan_date_type":1,"bidding_days":5,"create_time":"2020-07-05 15:58:30.0","bidding_start_time":null,"full_time":null,"status":1},"copyright":"Copyright 柠檬班 © 2017-2020 湖南省零檬信息技术有限公司 All Rights Reserved"}
2020-07-05 15:58:29 method: com.lemon.utils.HttpUtils.printResponse(HttpUtils.java:234) - [ INFO ]----200
2020-07-05 15:58:30 method: com.lemon.utils.HttpUtils.printResponse(HttpUtils.java:222) - [ INFO ]----[Server: nginx/1.4.2, Date: Sun, 05 Jul 2020 07:58:30 GMT, Content-Type: application/json;charset=UTF-8, Transfer-Encoding: chunked, Connection: keep-alive]
2020-07-05 15:58:30 method: com.lemon.utils.HttpUtils.printResponse(HttpUtils.java:228) - [ INFO ]----{"code":0,"msg":"OK","data":{"id":215199,"leave_amount":-244300.0,"mobile_phone":"18774609321","reg_name":"小柠檬","reg_time":"2020-07-02 16:38:14.0","type":0,"token_info":{"token_type":"Bearer","expires_in":"2020-07-05 16:03:30","token":"eyJhbGciOiJIUzUxMiJ9.eyJtZW1iZXJfaWQiOjIxNTE5OSwiZXhwIjoxNTkzOTM2MjEwfQ.9-53caibasueFzKLAH-yj0olmEfG3bIaQMbjTRuUOlXbn5qkxXBZS4FvE-bMDVyIVggPIN_s9NAJ7t4DuPrHAQ"}},"copyright":"Copyright 柠檬班 © 2017-2020 湖南省零檬信息技术有限公司 All Rights Reserved"}
2020-07-05 15:58:30 method: com.lemon.utils.HttpUtils.printResponse(HttpUtils.java:234) - [ INFO ]----200
2020-07-05 15:58:30 method: com.lemon.utils.HttpUtils.printResponse(HttpUtils.java:222) - [ INFO ]----[Server: nginx/1.4.2, Date: Sun, 05 Jul 2020 07:58:30 GMT, Content-Type: application/json;charset=UTF-8, Transfer-Encoding: chunked, Connection: keep-alive]
2020-07-05 15:58:30 method: com.lemon.utils.HttpUtils.printResponse(HttpUtils.java:228) - [ INFO ]----{"code":0,"msg":"OK","data":null,"copyright":"Copyright 柠檬班 © 2017-2020 湖南省零檬信息技术有限公司 All Rights Reserved"}
2020-07-05 15:58:30 method: com.lemon.utils.HttpUtils.printResponse(HttpUtils.java:234) - [ INFO ]----200
2020-07-05 15:58:30 method: com.lemon.utils.HttpUtils.printResponse(HttpUtils.java:222) - [ INFO ]----[Server: nginx/1.4.2, Date: Sun, 05 Jul 2020 07:58:30 GMT, Content-Type: application/json;charset=UTF-8, Transfer-Encoding: chunked, Connection: keep-alive]
2020-07-05 15:58:30 method: com.lemon.utils.HttpUtils.printResponse(HttpUtils.java:228) - [ INFO ]----{"code":0,"msg":"OK","data":{"id":6486,"member_id":215199,"loan_id":1301797,"amount":6300.0,"create_time":"2020-07-05 15:58:30","is_valid":1},"copyright":"Copyright 柠檬班 © 2017-2020 湖南省零檬信息技术有限公司 All Rights Reserved"}
2020-07-05 15:58:30 method: com.lemon.utils.HttpUtils.printResponse(HttpUtils.java:234) - [ INFO ]----200
2020-07-05 17:17:57 method: com.lemon.cases.BaseCase.init(BaseCase.java:35) - [ INFO ]----===============init================================
2020-07-05 17:17:57 method: com.lemon.cases.BaseCase.init(BaseCase.java:47) - [ INFO ]----AuthenticationUtils.VARS=================={${amount}=3500, ${register_mb}=18774609323, ${login_pwd}=123123123, ${register_pwd}=12345678, ${login_mb}=13212312312}
2020-07-05 17:17:58 method: com.lemon.utils.HttpUtils.printResponse(HttpUtils.java:222) - [ INFO ]----[Server: nginx/1.4.2, Date: Sun, 05 Jul 2020 09:17:59 GMT, Content-Type: application/json;charset=UTF-8, Transfer-Encoding: chunked, Connection: keep-alive]
2020-07-05 17:17:58 method: com.lemon.utils.HttpUtils.printResponse(HttpUtils.java:228) - [ INFO ]----{"code":1,"msg":"密码为空","data":null,"copyright":"Copyright 柠檬班 © 2017-2020 湖南省零檬信息技术有限公司 All Rights Reserved"}
2020-07-05 17:17:58 method: com.lemon.utils.HttpUtils.printResponse(HttpUtils.java:234) - [ INFO ]----200
2020-07-05 17:17:59 method: com.lemon.utils.HttpUtils.printResponse(HttpUtils.java:222) - [ INFO ]----[Server: nginx/1.4.2, Date: Sun, 05 Jul 2020 09:17:59 GMT, Content-Type: application/json;charset=UTF-8, Transfer-Encoding: chunked, Connection: keep-alive]
2020-07-05 17:17:59 method: com.lemon.utils.HttpUtils.printResponse(HttpUtils.java:228) - [ INFO ]----{"code":1,"msg":"手机号为空","data":null,"copyright":"Copyright 柠檬班 © 2017-2020 湖南省零檬信息技术有限公司 All Rights Reserved"}
2020-07-05 17:17:59 method: com.lemon.utils.HttpUtils.printResponse(HttpUtils.java:234) - [ INFO ]----200
2020-07-05 17:17:59 method: com.lemon.utils.HttpUtils.printResponse(HttpUtils.java:222) - [ INFO ]----[Server: nginx/1.4.2, Date: Sun, 05 Jul 2020 09:17:59 GMT, Content-Type: application/json;charset=UTF-8, Transfer-Encoding: chunked, Connection: keep-alive]
2020-07-05 17:17:59 method: com.lemon.utils.HttpUtils.printResponse(HttpUtils.java:228) - [ INFO ]----{"code":2,"msg":"无效的手机格式","data":null,"copyright":"Copyright 柠檬班 © 2017-2020 湖南省零檬信息技术有限公司 All Rights Reserved"}
2020-07-05 17:17:59 method: com.lemon.utils.HttpUtils.printResponse(HttpUtils.java:234) - [ INFO ]----200
2020-07-05 17:17:59 method: com.lemon.utils.HttpUtils.printResponse(HttpUtils.java:222) - [ INFO ]----[Server: nginx/1.4.2, Date: Sun, 05 Jul 2020 09:17:59 GMT, Content-Type: application/json;charset=UTF-8, Transfer-Encoding: chunked, Connection: keep-alive]
2020-07-05 17:17:59 method: com.lemon.utils.HttpUtils.printResponse(HttpUtils.java:228) - [ INFO ]----{"code":2,"msg":"密码格式为8到16位","data":null,"copyright":"Copyright 柠檬班 © 2017-2020 湖南省零檬信息技术有限公司 All Rights Reserved"}
2020-07-05 17:17:59 method: com.lemon.utils.HttpUtils.printResponse(HttpUtils.java:234) - [ INFO ]----200
2020-07-05 17:18:00 method: com.lemon.utils.HttpUtils.printResponse(HttpUtils.java:222) - [ INFO ]----[Server: nginx/1.4.2, Date: Sun, 05 Jul 2020 09:18:00 GMT, Content-Type: application/json;charset=UTF-8, Transfer-Encoding: chunked, Connection: keep-alive]
2020-07-05 17:18:00 method: com.lemon.utils.HttpUtils.printResponse(HttpUtils.java:228) - [ INFO ]----{"code":2,"msg":"账号已存在","data":null,"copyright":"Copyright 柠檬班 © 2017-2020 湖南省零檬信息技术有限公司 All Rights Reserved"}
2020-07-05 17:18:00 method: com.lemon.utils.HttpUtils.printResponse(HttpUtils.java:234) - [ INFO ]----200
2020-07-05 17:18:00 method: com.lemon.utils.HttpUtils.printResponse(HttpUtils.java:222) - [ INFO ]----[Server: nginx/1.4.2, Date: Sun, 05 Jul 2020 09:18:00 GMT, Content-Type: application/json;charset=UTF-8, Transfer-Encoding: chunked, Connection: keep-alive]
2020-07-05 17:18:00 method: com.lemon.utils.HttpUtils.printResponse(HttpUtils.java:228) - [ INFO ]----{"code":2,"msg":"账号已存在","data":null,"copyright":"Copyright 柠檬班 © 2017-2020 湖南省零檬信息技术有限公司 All Rights Reserved"}
2020-07-05 17:18:00 method: com.lemon.utils.HttpUtils.printResponse(HttpUtils.java:234) - [ INFO ]----200
2020-07-05 17:18:00 method: com.lemon.utils.HttpUtils.printResponse(HttpUtils.java:222) - [ INFO ]----[Server: nginx/1.4.2, Date: Sun, 05 Jul 2020 09:18:01 GMT, Content-Type: application/json;charset=UTF-8, Transfer-Encoding: chunked, Connection: keep-alive]
2020-07-05 17:18:00 method: com.lemon.utils.HttpUtils.printResponse(HttpUtils.java:228) - [ INFO ]----{"code":1,"msg":"密码为空","data":null,"copyright":"Copyright 柠檬班 © 2017-2020 湖南省零檬信息技术有限公司 All Rights Reserved"}
2020-07-05 17:18:00 method: com.lemon.utils.HttpUtils.printResponse(HttpUtils.java:234) - [ INFO ]----200
2020-07-05 17:18:01 method: com.lemon.utils.HttpUtils.printResponse(HttpUtils.java:222) - [ INFO ]----[Server: nginx/1.4.2, Date: Sun, 05 Jul 2020 09:18:01 GMT, Content-Type: application/json;charset=UTF-8, Transfer-Encoding: chunked, Connection: keep-alive]
2020-07-05 17:18:01 method: com.lemon.utils.HttpUtils.printResponse(HttpUtils.java:228) - [ INFO ]----{"code":1,"msg":"手机号码为空","data":null,"copyright":"Copyright 柠檬班 © 2017-2020 湖南省零檬信息技术有限公司 All Rights Reserved"}
2020-07-05 17:18:01 method: com.lemon.utils.HttpUtils.printResponse(HttpUtils.java:234) - [ INFO ]----200
2020-07-05 17:18:01 method: com.lemon.utils.HttpUtils.printResponse(HttpUtils.java:222) - [ INFO ]----[Server: nginx/1.4.2, Date: Sun, 05 Jul 2020 09:18:01 GMT, Content-Type: application/json;charset=UTF-8, Transfer-Encoding: chunked, Connection: keep-alive]
2020-07-05 17:18:01 method: com.lemon.utils.HttpUtils.printResponse(HttpUtils.java:228) - [ INFO ]----{"code":2,"msg":"无效的手机格式","data":null,"copyright":"Copyright 柠檬班 © 2017-2020 湖南省零檬信息技术有限公司 All Rights Reserved"}
2020-07-05 17:18:01 method: com.lemon.utils.HttpUtils.printResponse(HttpUtils.java:234) - [ INFO ]----200
2020-07-05 17:18:01 method: com.lemon.utils.HttpUtils.printResponse(HttpUtils.java:222) - [ INFO ]----[Server: nginx/1.4.2, Date: Sun, 05 Jul 2020 09:18:01 GMT, Content-Type: application/json;charset=UTF-8, Transfer-Encoding: chunked, Connection: keep-alive]
2020-07-05 17:18:01 method: com.lemon.utils.HttpUtils.printResponse(HttpUtils.java:228) - [ INFO ]----{"code":1,"msg":"手机号码为空","data":null,"copyright":"Copyright 柠檬班 © 2017-2020 湖南省零檬信息技术有限公司 All Rights Reserved"}
2020-07-05 17:18:01 method: com.lemon.utils.HttpUtils.printResponse(HttpUtils.java:234) - [ INFO ]----200
2020-07-05 17:18:01 method: com.lemon.utils.HttpUtils.printResponse(HttpUtils.java:222) - [ INFO ]----[Server: nginx/1.4.2, Date: Sun, 05 Jul 2020 09:18:01 GMT, Content-Type: application/json;charset=UTF-8, Transfer-Encoding: chunked, Connection: keep-alive]
2020-07-05 17:18:01 method: com.lemon.utils.HttpUtils.printResponse(HttpUtils.java:228) - [ INFO ]----{"code":0,"msg":"OK","data":{"id":215223,"leave_amount":322000.0,"mobile_phone":"18774609323","reg_name":"小柠檬","reg_time":"2020-07-02 17:00:50.0","type":0,"token_info":{"token_type":"Bearer","expires_in":"2020-07-05 17:23:01","token":"eyJhbGciOiJIUzUxMiJ9.eyJtZW1iZXJfaWQiOjIxNTIyMywiZXhwIjoxNTkzOTQwOTgxfQ.VFCd2Lmb1YTbHkIoQZsM7RlZm6a0US3JtX0YpeSbMdHbTX-zFn5_Dm07b0z07ij0_Lk5jJn5IhDh-ZTsNKwVUA"}},"copyright":"Copyright 柠檬班 © 2017-2020 湖南省零檬信息技术有限公司 All Rights Reserved"}
2020-07-05 17:18:01 method: com.lemon.utils.HttpUtils.printResponse(HttpUtils.java:234) - [ INFO ]----200
2020-07-05 17:18:01 method: com.lemon.utils.HttpUtils.printResponse(HttpUtils.java:222) - [ INFO ]----[Server: nginx/1.4.2, Date: Sun, 05 Jul 2020 09:18:01 GMT, Content-Type: application/json;charset=UTF-8, Transfer-Encoding: chunked, Connection: keep-alive]
2020-07-05 17:18:01 method: com.lemon.utils.HttpUtils.printResponse(HttpUtils.java:228) - [ INFO ]----{"code":0,"msg":"OK","data":{"id":215223,"leave_amount":322000.0,"mobile_phone":"18774609323","reg_name":"小柠檬","reg_time":"2020-07-02 17:00:50.0","type":0,"token_info":{"token_type":"Bearer","expires_in":"2020-07-05 17:23:01","token":"eyJhbGciOiJIUzUxMiJ9.eyJtZW1iZXJfaWQiOjIxNTIyMywiZXhwIjoxNTkzOTQwOTgxfQ.VFCd2Lmb1YTbHkIoQZsM7RlZm6a0US3JtX0YpeSbMdHbTX-zFn5_Dm07b0z07ij0_Lk5jJn5IhDh-ZTsNKwVUA"}},"copyright":"Copyright 柠檬班 © 2017-2020 湖南省零檬信息技术有限公司 All Rights Reserved"}
2020-07-05 17:18:01 method: com.lemon.utils.HttpUtils.printResponse(HttpUtils.java:234) - [ INFO ]----200
2020-07-05 17:18:01 method: com.lemon.utils.HttpUtils.printResponse(HttpUtils.java:222) - [ INFO ]----[Server: nginx/1.4.2, Date: Sun, 05 Jul 2020 09:18:01 GMT, Content-Type: application/json;charset=UTF-8, Transfer-Encoding: chunked, Connection: keep-alive]
2020-07-05 17:18:01 method: com.lemon.utils.HttpUtils.printResponse(HttpUtils.java:228) - [ INFO ]----{"code":1007,"msg":"无权限访问，请检查参数","data":null,"copyright":"Copyright 柠檬班 © 2017-2020 湖南省零檬信息技术有限公司 All Rights Reserved"}
2020-07-05 17:18:01 method: com.lemon.utils.HttpUtils.printResponse(HttpUtils.java:234) - [ INFO ]----200
2020-07-05 17:18:01 method: com.lemon.utils.HttpUtils.printResponse(HttpUtils.java:222) - [ INFO ]----[Server: nginx/1.4.2, Date: Sun, 05 Jul 2020 09:18:01 GMT, Content-Type: application/json;charset=UTF-8, Transfer-Encoding: chunked, Connection: keep-alive]
2020-07-05 17:18:01 method: com.lemon.utils.HttpUtils.printResponse(HttpUtils.java:228) - [ INFO ]----{"code":2,"msg":"余额必须大于0并且小于或者等于500000","data":null,"copyright":"Copyright 柠檬班 © 2017-2020 湖南省零檬信息技术有限公司 All Rights Reserved"}
2020-07-05 17:18:01 method: com.lemon.utils.HttpUtils.printResponse(HttpUtils.java:234) - [ INFO ]----200
2020-07-05 17:18:01 method: com.lemon.utils.HttpUtils.printResponse(HttpUtils.java:222) - [ INFO ]----[Server: nginx/1.4.2, Date: Sun, 05 Jul 2020 09:18:02 GMT, Content-Type: application/json;charset=UTF-8, Transfer-Encoding: chunked, Connection: keep-alive]
2020-07-05 17:18:01 method: com.lemon.utils.HttpUtils.printResponse(HttpUtils.java:228) - [ INFO ]----{"code":2,"msg":"余额必须大于0并且小于或者等于500000","data":null,"copyright":"Copyright 柠檬班 © 2017-2020 湖南省零檬信息技术有限公司 All Rights Reserved"}
2020-07-05 17:18:01 method: com.lemon.utils.HttpUtils.printResponse(HttpUtils.java:234) - [ INFO ]----200
2020-07-05 17:18:01 method: com.lemon.utils.HttpUtils.printResponse(HttpUtils.java:222) - [ INFO ]----[Server: nginx/1.4.2, Date: Sun, 05 Jul 2020 09:18:02 GMT, Content-Type: application/json;charset=UTF-8, Transfer-Encoding: chunked, Connection: keep-alive]
2020-07-05 17:18:01 method: com.lemon.utils.HttpUtils.printResponse(HttpUtils.java:228) - [ INFO ]----{"code":2,"msg":"余额必须为数值型","data":null,"copyright":"Copyright 柠檬班 © 2017-2020 湖南省零檬信息技术有限公司 All Rights Reserved"}
2020-07-05 17:18:01 method: com.lemon.utils.HttpUtils.printResponse(HttpUtils.java:234) - [ INFO ]----200
2020-07-05 17:18:02 method: com.lemon.utils.HttpUtils.printResponse(HttpUtils.java:222) - [ INFO ]----[Server: nginx/1.4.2, Date: Sun, 05 Jul 2020 09:18:02 GMT, Content-Type: application/json;charset=UTF-8, Transfer-Encoding: chunked, Connection: keep-alive]
2020-07-05 17:18:02 method: com.lemon.utils.HttpUtils.printResponse(HttpUtils.java:228) - [ INFO ]----{"code":0,"msg":"OK","data":{"id":215223,"leave_amount":325500.0,"mobile_phone":"18774609323","reg_name":"小柠檬","reg_time":"2020-07-02 17:00:50.0","type":0},"copyright":"Copyright 柠檬班 © 2017-2020 湖南省零檬信息技术有限公司 All Rights Reserved"}
2020-07-05 17:18:02 method: com.lemon.utils.HttpUtils.printResponse(HttpUtils.java:234) - [ INFO ]----200
2020-07-05 17:18:03 method: com.lemon.utils.HttpUtils.printResponse(HttpUtils.java:222) - [ INFO ]----[Server: nginx/1.4.2, Date: Sun, 05 Jul 2020 09:18:03 GMT, Content-Type: application/json;charset=UTF-8, Transfer-Encoding: chunked, Connection: keep-alive]
2020-07-05 17:18:03 method: com.lemon.utils.HttpUtils.printResponse(HttpUtils.java:228) - [ INFO ]----{"code":0,"msg":"OK","data":{"id":215223,"leave_amount":329000.0,"mobile_phone":"18774609323","reg_name":"小柠檬","reg_time":"2020-07-02 17:00:50.0","type":0},"copyright":"Copyright 柠檬班 © 2017-2020 湖南省零檬信息技术有限公司 All Rights Reserved"}
2020-07-05 17:18:03 method: com.lemon.utils.HttpUtils.printResponse(HttpUtils.java:234) - [ INFO ]----200
2020-07-05 17:18:03 method: com.lemon.utils.HttpUtils.printResponse(HttpUtils.java:222) - [ INFO ]----[Server: nginx/1.4.2, Date: Sun, 05 Jul 2020 09:18:04 GMT, Content-Type: application/json;charset=UTF-8, Transfer-Encoding: chunked, Connection: keep-alive]
2020-07-05 17:18:03 method: com.lemon.utils.HttpUtils.printResponse(HttpUtils.java:228) - [ INFO ]----{"code":0,"msg":"OK","data":{"id":1301904,"member_id":215223,"title":"报名 Java 全栈自动化课程","amount":6300.0,"loan_rate":12.0,"loan_term":12,"loan_date_type":1,"bidding_days":5,"create_time":"2020-07-05 17:18:04.0","bidding_start_time":null,"full_time":null,"status":1},"copyright":"Copyright 柠檬班 © 2017-2020 湖南省零檬信息技术有限公司 All Rights Reserved"}
2020-07-05 17:18:03 method: com.lemon.utils.HttpUtils.printResponse(HttpUtils.java:234) - [ INFO ]----200
2020-07-05 17:18:04 method: com.lemon.utils.HttpUtils.printResponse(HttpUtils.java:222) - [ INFO ]----[Server: nginx/1.4.2, Date: Sun, 05 Jul 2020 09:18:04 GMT, Content-Type: application/json;charset=UTF-8, Transfer-Encoding: chunked, Connection: keep-alive]
2020-07-05 17:18:04 method: com.lemon.utils.HttpUtils.printResponse(HttpUtils.java:228) - [ INFO ]----{"code":0,"msg":"OK","data":{"id":215199,"leave_amount":-288400.0,"mobile_phone":"18774609321","reg_name":"小柠檬","reg_time":"2020-07-02 16:38:14.0","type":0,"token_info":{"token_type":"Bearer","expires_in":"2020-07-05 17:23:04","token":"eyJhbGciOiJIUzUxMiJ9.eyJtZW1iZXJfaWQiOjIxNTE5OSwiZXhwIjoxNTkzOTQwOTg0fQ.tcggBXsw_KCBocjpyI7B3xSoHPZhGaJi9sqowiUqKL2KA0f3zA2-pnUIvN0uUt8s0AG8jClfZC5L-dsGykBZpA"}},"copyright":"Copyright 柠檬班 © 2017-2020 湖南省零檬信息技术有限公司 All Rights Reserved"}
2020-07-05 17:18:04 method: com.lemon.utils.HttpUtils.printResponse(HttpUtils.java:234) - [ INFO ]----200
2020-07-05 17:18:04 method: com.lemon.utils.HttpUtils.printResponse(HttpUtils.java:222) - [ INFO ]----[Server: nginx/1.4.2, Date: Sun, 05 Jul 2020 09:18:04 GMT, Content-Type: application/json;charset=UTF-8, Transfer-Encoding: chunked, Connection: keep-alive]
2020-07-05 17:18:04 method: com.lemon.utils.HttpUtils.printResponse(HttpUtils.java:228) - [ INFO ]----{"code":0,"msg":"OK","data":null,"copyright":"Copyright 柠檬班 © 2017-2020 湖南省零檬信息技术有限公司 All Rights Reserved"}
2020-07-05 17:18:04 method: com.lemon.utils.HttpUtils.printResponse(HttpUtils.java:234) - [ INFO ]----200
2020-07-05 17:18:04 method: com.lemon.utils.HttpUtils.printResponse(HttpUtils.java:222) - [ INFO ]----[Server: nginx/1.4.2, Date: Sun, 05 Jul 2020 09:18:04 GMT, Content-Type: application/json;charset=UTF-8, Transfer-Encoding: chunked, Connection: keep-alive]
2020-07-05 17:18:04 method: com.lemon.utils.HttpUtils.printResponse(HttpUtils.java:228) - [ INFO ]----{"code":0,"msg":"OK","data":{"id":6499,"member_id":215199,"loan_id":1301904,"amount":6300.0,"create_time":"2020-07-05 17:18:04","is_valid":1},"copyright":"Copyright 柠檬班 © 2017-2020 湖南省零檬信息技术有限公司 All Rights Reserved"}
2020-07-05 17:18:04 method: com.lemon.utils.HttpUtils.printResponse(HttpUtils.java:234) - [ INFO ]----200
2020-07-05 17:54:59 method: com.lemon.cases.BaseCase.init(BaseCase.java:35) - [ INFO ]----===============init================================
2020-07-05 17:54:59 method: com.lemon.cases.BaseCase.init(BaseCase.java:47) - [ INFO ]----AuthenticationUtils.VARS=================={${amount}=3500, ${register_mb}=18774609323, ${login_pwd}=123123123, ${register_pwd}=12345678, ${login_mb}=13212312312}
2020-07-05 17:55:00 method: com.lemon.utils.HttpUtils.printResponse(HttpUtils.java:222) - [ INFO ]----[Server: nginx/1.4.2, Date: Sun, 05 Jul 2020 09:55:01 GMT, Content-Type: application/json;charset=UTF-8, Transfer-Encoding: chunked, Connection: keep-alive]
2020-07-05 17:55:00 method: com.lemon.utils.HttpUtils.printResponse(HttpUtils.java:228) - [ INFO ]----{"code":1,"msg":"密码为空","data":null,"copyright":"Copyright 柠檬班 © 2017-2020 湖南省零檬信息技术有限公司 All Rights Reserved"}
2020-07-05 17:55:00 method: com.lemon.utils.HttpUtils.printResponse(HttpUtils.java:234) - [ INFO ]----200
2020-07-05 17:55:01 method: com.lemon.utils.HttpUtils.printResponse(HttpUtils.java:222) - [ INFO ]----[Server: nginx/1.4.2, Date: Sun, 05 Jul 2020 09:55:01 GMT, Content-Type: application/json;charset=UTF-8, Transfer-Encoding: chunked, Connection: keep-alive]
2020-07-05 17:55:01 method: com.lemon.utils.HttpUtils.printResponse(HttpUtils.java:228) - [ INFO ]----{"code":1,"msg":"手机号为空","data":null,"copyright":"Copyright 柠檬班 © 2017-2020 湖南省零檬信息技术有限公司 All Rights Reserved"}
2020-07-05 17:55:01 method: com.lemon.utils.HttpUtils.printResponse(HttpUtils.java:234) - [ INFO ]----200
2020-07-05 17:55:01 method: com.lemon.utils.HttpUtils.printResponse(HttpUtils.java:222) - [ INFO ]----[Server: nginx/1.4.2, Date: Sun, 05 Jul 2020 09:55:01 GMT, Content-Type: application/json;charset=UTF-8, Transfer-Encoding: chunked, Connection: keep-alive]
2020-07-05 17:55:01 method: com.lemon.utils.HttpUtils.printResponse(HttpUtils.java:228) - [ INFO ]----{"code":2,"msg":"无效的手机格式","data":null,"copyright":"Copyright 柠檬班 © 2017-2020 湖南省零檬信息技术有限公司 All Rights Reserved"}
2020-07-05 17:55:01 method: com.lemon.utils.HttpUtils.printResponse(HttpUtils.java:234) - [ INFO ]----200
2020-07-05 17:55:01 method: com.lemon.utils.HttpUtils.printResponse(HttpUtils.java:222) - [ INFO ]----[Server: nginx/1.4.2, Date: Sun, 05 Jul 2020 09:55:01 GMT, Content-Type: application/json;charset=UTF-8, Transfer-Encoding: chunked, Connection: keep-alive]
2020-07-05 17:55:01 method: com.lemon.utils.HttpUtils.printResponse(HttpUtils.java:228) - [ INFO ]----{"code":2,"msg":"密码格式为8到16位","data":null,"copyright":"Copyright 柠檬班 © 2017-2020 湖南省零檬信息技术有限公司 All Rights Reserved"}
2020-07-05 17:55:01 method: com.lemon.utils.HttpUtils.printResponse(HttpUtils.java:234) - [ INFO ]----200
2020-07-05 17:55:02 method: com.lemon.utils.HttpUtils.printResponse(HttpUtils.java:222) - [ INFO ]----[Server: nginx/1.4.2, Date: Sun, 05 Jul 2020 09:55:02 GMT, Content-Type: application/json;charset=UTF-8, Transfer-Encoding: chunked, Connection: keep-alive]
2020-07-05 17:55:02 method: com.lemon.utils.HttpUtils.printResponse(HttpUtils.java:228) - [ INFO ]----{"code":2,"msg":"账号已存在","data":null,"copyright":"Copyright 柠檬班 © 2017-2020 湖南省零檬信息技术有限公司 All Rights Reserved"}
2020-07-05 17:55:02 method: com.lemon.utils.HttpUtils.printResponse(HttpUtils.java:234) - [ INFO ]----200
2020-07-05 17:55:02 method: com.lemon.utils.HttpUtils.printResponse(HttpUtils.java:222) - [ INFO ]----[Server: nginx/1.4.2, Date: Sun, 05 Jul 2020 09:55:03 GMT, Content-Type: application/json;charset=UTF-8, Transfer-Encoding: chunked, Connection: keep-alive]
2020-07-05 17:55:02 method: com.lemon.utils.HttpUtils.printResponse(HttpUtils.java:228) - [ INFO ]----{"code":2,"msg":"账号已存在","data":null,"copyright":"Copyright 柠檬班 © 2017-2020 湖南省零檬信息技术有限公司 All Rights Reserved"}
2020-07-05 17:55:02 method: com.lemon.utils.HttpUtils.printResponse(HttpUtils.java:234) - [ INFO ]----200
2020-07-05 17:55:02 method: com.lemon.utils.HttpUtils.printResponse(HttpUtils.java:222) - [ INFO ]----[Server: nginx/1.4.2, Date: Sun, 05 Jul 2020 09:55:03 GMT, Content-Type: application/json;charset=UTF-8, Transfer-Encoding: chunked, Connection: keep-alive]
2020-07-05 17:55:02 method: com.lemon.utils.HttpUtils.printResponse(HttpUtils.java:228) - [ INFO ]----{"code":1,"msg":"密码为空","data":null,"copyright":"Copyright 柠檬班 © 2017-2020 湖南省零檬信息技术有限公司 All Rights Reserved"}
2020-07-05 17:55:02 method: com.lemon.utils.HttpUtils.printResponse(HttpUtils.java:234) - [ INFO ]----200
2020-07-05 17:55:03 method: com.lemon.utils.HttpUtils.printResponse(HttpUtils.java:222) - [ INFO ]----[Server: nginx/1.4.2, Date: Sun, 05 Jul 2020 09:55:03 GMT, Content-Type: application/json;charset=UTF-8, Transfer-Encoding: chunked, Connection: keep-alive]
2020-07-05 17:55:03 method: com.lemon.utils.HttpUtils.printResponse(HttpUtils.java:228) - [ INFO ]----{"code":1,"msg":"手机号码为空","data":null,"copyright":"Copyright 柠檬班 © 2017-2020 湖南省零檬信息技术有限公司 All Rights Reserved"}
2020-07-05 17:55:03 method: com.lemon.utils.HttpUtils.printResponse(HttpUtils.java:234) - [ INFO ]----200
2020-07-05 17:55:03 method: com.lemon.utils.HttpUtils.printResponse(HttpUtils.java:222) - [ INFO ]----[Server: nginx/1.4.2, Date: Sun, 05 Jul 2020 09:55:03 GMT, Content-Type: application/json;charset=UTF-8, Transfer-Encoding: chunked, Connection: keep-alive]
2020-07-05 17:55:03 method: com.lemon.utils.HttpUtils.printResponse(HttpUtils.java:228) - [ INFO ]----{"code":2,"msg":"无效的手机格式","data":null,"copyright":"Copyright 柠檬班 © 2017-2020 湖南省零檬信息技术有限公司 All Rights Reserved"}
2020-07-05 17:55:03 method: com.lemon.utils.HttpUtils.printResponse(HttpUtils.java:234) - [ INFO ]----200
2020-07-05 17:55:03 method: com.lemon.utils.HttpUtils.printResponse(HttpUtils.java:222) - [ INFO ]----[Server: nginx/1.4.2, Date: Sun, 05 Jul 2020 09:55:03 GMT, Content-Type: application/json;charset=UTF-8, Transfer-Encoding: chunked, Connection: keep-alive]
2020-07-05 17:55:03 method: com.lemon.utils.HttpUtils.printResponse(HttpUtils.java:228) - [ INFO ]----{"code":1,"msg":"手机号码为空","data":null,"copyright":"Copyright 柠檬班 © 2017-2020 湖南省零檬信息技术有限公司 All Rights Reserved"}
2020-07-05 17:55:03 method: com.lemon.utils.HttpUtils.printResponse(HttpUtils.java:234) - [ INFO ]----200
2020-07-05 17:55:03 method: com.lemon.utils.HttpUtils.printResponse(HttpUtils.java:222) - [ INFO ]----[Server: nginx/1.4.2, Date: Sun, 05 Jul 2020 09:55:03 GMT, Content-Type: application/json;charset=UTF-8, Transfer-Encoding: chunked, Connection: keep-alive]
2020-07-05 17:55:03 method: com.lemon.utils.HttpUtils.printResponse(HttpUtils.java:228) - [ INFO ]----{"code":0,"msg":"OK","data":{"id":215223,"leave_amount":357000.0,"mobile_phone":"18774609323","reg_name":"小柠檬","reg_time":"2020-07-02 17:00:50.0","type":0,"token_info":{"token_type":"Bearer","expires_in":"2020-07-05 18:00:03","token":"eyJhbGciOiJIUzUxMiJ9.eyJtZW1iZXJfaWQiOjIxNTIyMywiZXhwIjoxNTkzOTQzMjAzfQ.bgwKghS_cJBlKGO4FbmW1sLTg11hXBwJWxvOL3_N86g8UJxOwhKKpscbL44xj5dsDEFIUhwPs254aj4nBa7ceQ"}},"copyright":"Copyright 柠檬班 © 2017-2020 湖南省零檬信息技术有限公司 All Rights Reserved"}
2020-07-05 17:55:03 method: com.lemon.utils.HttpUtils.printResponse(HttpUtils.java:234) - [ INFO ]----200
2020-07-05 17:55:03 method: com.lemon.utils.HttpUtils.printResponse(HttpUtils.java:222) - [ INFO ]----[Server: nginx/1.4.2, Date: Sun, 05 Jul 2020 09:55:03 GMT, Content-Type: application/json;charset=UTF-8, Transfer-Encoding: chunked, Connection: keep-alive]
2020-07-05 17:55:03 method: com.lemon.utils.HttpUtils.printResponse(HttpUtils.java:228) - [ INFO ]----{"code":0,"msg":"OK","data":{"id":215223,"leave_amount":357000.0,"mobile_phone":"18774609323","reg_name":"小柠檬","reg_time":"2020-07-02 17:00:50.0","type":0,"token_info":{"token_type":"Bearer","expires_in":"2020-07-05 18:00:03","token":"eyJhbGciOiJIUzUxMiJ9.eyJtZW1iZXJfaWQiOjIxNTIyMywiZXhwIjoxNTkzOTQzMjAzfQ.bgwKghS_cJBlKGO4FbmW1sLTg11hXBwJWxvOL3_N86g8UJxOwhKKpscbL44xj5dsDEFIUhwPs254aj4nBa7ceQ"}},"copyright":"Copyright 柠檬班 © 2017-2020 湖南省零檬信息技术有限公司 All Rights Reserved"}
2020-07-05 17:55:03 method: com.lemon.utils.HttpUtils.printResponse(HttpUtils.java:234) - [ INFO ]----200
2020-07-05 17:55:03 method: com.lemon.utils.HttpUtils.printResponse(HttpUtils.java:222) - [ INFO ]----[Server: nginx/1.4.2, Date: Sun, 05 Jul 2020 09:55:03 GMT, Content-Type: application/json;charset=UTF-8, Transfer-Encoding: chunked, Connection: keep-alive]
2020-07-05 17:55:03 method: com.lemon.utils.HttpUtils.printResponse(HttpUtils.java:228) - [ INFO ]----{"code":1007,"msg":"无权限访问，请检查参数","data":null,"copyright":"Copyright 柠檬班 © 2017-2020 湖南省零檬信息技术有限公司 All Rights Reserved"}
2020-07-05 17:55:03 method: com.lemon.utils.HttpUtils.printResponse(HttpUtils.java:234) - [ INFO ]----200
2020-07-05 17:55:03 method: com.lemon.utils.HttpUtils.printResponse(HttpUtils.java:222) - [ INFO ]----[Server: nginx/1.4.2, Date: Sun, 05 Jul 2020 09:55:03 GMT, Content-Type: application/json;charset=UTF-8, Transfer-Encoding: chunked, Connection: keep-alive]
2020-07-05 17:55:03 method: com.lemon.utils.HttpUtils.printResponse(HttpUtils.java:228) - [ INFO ]----{"code":2,"msg":"余额必须大于0并且小于或者等于500000","data":null,"copyright":"Copyright 柠檬班 © 2017-2020 湖南省零檬信息技术有限公司 All Rights Reserved"}
2020-07-05 17:55:03 method: com.lemon.utils.HttpUtils.printResponse(HttpUtils.java:234) - [ INFO ]----200
2020-07-05 17:55:03 method: com.lemon.utils.HttpUtils.printResponse(HttpUtils.java:222) - [ INFO ]----[Server: nginx/1.4.2, Date: Sun, 05 Jul 2020 09:55:04 GMT, Content-Type: application/json;charset=UTF-8, Transfer-Encoding: chunked, Connection: keep-alive]
2020-07-05 17:55:03 method: com.lemon.utils.HttpUtils.printResponse(HttpUtils.java:228) - [ INFO ]----{"code":2,"msg":"余额必须大于0并且小于或者等于500000","data":null,"copyright":"Copyright 柠檬班 © 2017-2020 湖南省零檬信息技术有限公司 All Rights Reserved"}
2020-07-05 17:55:03 method: com.lemon.utils.HttpUtils.printResponse(HttpUtils.java:234) - [ INFO ]----200
2020-07-05 17:55:03 method: com.lemon.utils.HttpUtils.printResponse(HttpUtils.java:222) - [ INFO ]----[Server: nginx/1.4.2, Date: Sun, 05 Jul 2020 09:55:04 GMT, Content-Type: application/json;charset=UTF-8, Transfer-Encoding: chunked, Connection: keep-alive]
2020-07-05 17:55:03 method: com.lemon.utils.HttpUtils.printResponse(HttpUtils.java:228) - [ INFO ]----{"code":2,"msg":"余额必须为数值型","data":null,"copyright":"Copyright 柠檬班 © 2017-2020 湖南省零檬信息技术有限公司 All Rights Reserved"}
2020-07-05 17:55:03 method: com.lemon.utils.HttpUtils.printResponse(HttpUtils.java:234) - [ INFO ]----200
2020-07-05 17:55:04 method: com.lemon.utils.HttpUtils.printResponse(HttpUtils.java:222) - [ INFO ]----[Server: nginx/1.4.2, Date: Sun, 05 Jul 2020 09:55:04 GMT, Content-Type: application/json;charset=UTF-8, Transfer-Encoding: chunked, Connection: keep-alive]
2020-07-05 17:55:04 method: com.lemon.utils.HttpUtils.printResponse(HttpUtils.java:228) - [ INFO ]----{"code":0,"msg":"OK","data":{"id":215223,"leave_amount":360500.0,"mobile_phone":"18774609323","reg_name":"小柠檬","reg_time":"2020-07-02 17:00:50.0","type":0},"copyright":"Copyright 柠檬班 © 2017-2020 湖南省零檬信息技术有限公司 All Rights Reserved"}
2020-07-05 17:55:04 method: com.lemon.utils.HttpUtils.printResponse(HttpUtils.java:234) - [ INFO ]----200
2020-07-05 17:55:05 method: com.lemon.utils.HttpUtils.printResponse(HttpUtils.java:222) - [ INFO ]----[Server: nginx/1.4.2, Date: Sun, 05 Jul 2020 09:55:05 GMT, Content-Type: application/json;charset=UTF-8, Transfer-Encoding: chunked, Connection: keep-alive]
2020-07-05 17:55:05 method: com.lemon.utils.HttpUtils.printResponse(HttpUtils.java:228) - [ INFO ]----{"code":0,"msg":"OK","data":{"id":215223,"leave_amount":364000.0,"mobile_phone":"18774609323","reg_name":"小柠檬","reg_time":"2020-07-02 17:00:50.0","type":0},"copyright":"Copyright 柠檬班 © 2017-2020 湖南省零檬信息技术有限公司 All Rights Reserved"}
2020-07-05 17:55:05 method: com.lemon.utils.HttpUtils.printResponse(HttpUtils.java:234) - [ INFO ]----200
2020-07-05 17:55:05 method: com.lemon.utils.HttpUtils.printResponse(HttpUtils.java:222) - [ INFO ]----[Server: nginx/1.4.2, Date: Sun, 05 Jul 2020 09:55:06 GMT, Content-Type: application/json;charset=UTF-8, Transfer-Encoding: chunked, Connection: keep-alive]
2020-07-05 17:55:05 method: com.lemon.utils.HttpUtils.printResponse(HttpUtils.java:228) - [ INFO ]----{"code":0,"msg":"OK","data":{"id":1301969,"member_id":215223,"title":"报名 Java 全栈自动化课程","amount":6300.0,"loan_rate":12.0,"loan_term":12,"loan_date_type":1,"bidding_days":5,"create_time":"2020-07-05 17:55:06.0","bidding_start_time":null,"full_time":null,"status":1},"copyright":"Copyright 柠檬班 © 2017-2020 湖南省零檬信息技术有限公司 All Rights Reserved"}
2020-07-05 17:55:05 method: com.lemon.utils.HttpUtils.printResponse(HttpUtils.java:234) - [ INFO ]----200
2020-07-05 17:55:06 method: com.lemon.utils.HttpUtils.printResponse(HttpUtils.java:222) - [ INFO ]----[Server: nginx/1.4.2, Date: Sun, 05 Jul 2020 09:55:06 GMT, Content-Type: application/json;charset=UTF-8, Transfer-Encoding: chunked, Connection: keep-alive]
2020-07-05 17:55:06 method: com.lemon.utils.HttpUtils.printResponse(HttpUtils.java:228) - [ INFO ]----{"code":0,"msg":"OK","data":{"id":215199,"leave_amount":-319900.0,"mobile_phone":"18774609321","reg_name":"小柠檬","reg_time":"2020-07-02 16:38:14.0","type":0,"token_info":{"token_type":"Bearer","expires_in":"2020-07-05 18:00:06","token":"eyJhbGciOiJIUzUxMiJ9.eyJtZW1iZXJfaWQiOjIxNTE5OSwiZXhwIjoxNTkzOTQzMjA2fQ.k0aH1WeQ1Vsa0OOMyUSLl03Tla1rckc50Iy6w4m5T5wplWy2_0p93pwqwe_K4J7ytzuFU0Svczk331vPkl02qw"}},"copyright":"Copyright 柠檬班 © 2017-2020 湖南省零檬信息技术有限公司 All Rights Reserved"}
2020-07-05 17:55:06 method: com.lemon.utils.HttpUtils.printResponse(HttpUtils.java:234) - [ INFO ]----200
2020-07-05 17:55:06 method: com.lemon.utils.HttpUtils.printResponse(HttpUtils.java:222) - [ INFO ]----[Server: nginx/1.4.2, Date: Sun, 05 Jul 2020 09:55:06 GMT, Content-Type: application/json;charset=UTF-8, Transfer-Encoding: chunked, Connection: keep-alive]
2020-07-05 17:55:06 method: com.lemon.utils.HttpUtils.printResponse(HttpUtils.java:228) - [ INFO ]----{"code":0,"msg":"OK","data":null,"copyright":"Copyright 柠檬班 © 2017-2020 湖南省零檬信息技术有限公司 All Rights Reserved"}
2020-07-05 17:55:06 method: com.lemon.utils.HttpUtils.printResponse(HttpUtils.java:234) - [ INFO ]----200
2020-07-05 17:55:06 method: com.lemon.utils.HttpUtils.printResponse(HttpUtils.java:222) - [ INFO ]----[Server: nginx/1.4.2, Date: Sun, 05 Jul 2020 09:55:06 GMT, Content-Type: application/json;charset=UTF-8, Transfer-Encoding: chunked, Connection: keep-alive]
2020-07-05 17:55:06 method: com.lemon.utils.HttpUtils.printResponse(HttpUtils.java:228) - [ INFO ]----{"code":0,"msg":"OK","data":{"id":6508,"member_id":215199,"loan_id":1301969,"amount":6300.0,"create_time":"2020-07-05 17:55:06","is_valid":1},"copyright":"Copyright 柠檬班 © 2017-2020 湖南省零檬信息技术有限公司 All Rights Reserved"}
2020-07-05 17:55:06 method: com.lemon.utils.HttpUtils.printResponse(HttpUtils.java:234) - [ INFO ]----200
2020-07-05 18:00:48 method: com.lemon.cases.BaseCase.init(BaseCase.java:35) - [ INFO ]----===============init================================
2020-07-05 18:00:48 method: com.lemon.cases.BaseCase.init(BaseCase.java:47) - [ INFO ]----AuthenticationUtils.VARS=================={${amount}=3500, ${register_mb}=18774609323, ${login_pwd}=123123123, ${register_pwd}=12345678, ${login_mb}=13212312312}
2020-07-05 18:00:50 method: com.lemon.utils.HttpUtils.printResponse(HttpUtils.java:222) - [ INFO ]----[Server: nginx/1.4.2, Date: Sun, 05 Jul 2020 10:00:50 GMT, Content-Type: application/json;charset=UTF-8, Transfer-Encoding: chunked, Connection: keep-alive]
2020-07-05 18:00:50 method: com.lemon.utils.HttpUtils.printResponse(HttpUtils.java:228) - [ INFO ]----{"code":1,"msg":"密码为空","data":null,"copyright":"Copyright 柠檬班 © 2017-2020 湖南省零檬信息技术有限公司 All Rights Reserved"}
2020-07-05 18:00:50 method: com.lemon.utils.HttpUtils.printResponse(HttpUtils.java:234) - [ INFO ]----200
2020-07-05 18:00:50 method: com.lemon.utils.HttpUtils.printResponse(HttpUtils.java:222) - [ INFO ]----[Server: nginx/1.4.2, Date: Sun, 05 Jul 2020 10:00:51 GMT, Content-Type: application/json;charset=UTF-8, Transfer-Encoding: chunked, Connection: keep-alive]
2020-07-05 18:00:50 method: com.lemon.utils.HttpUtils.printResponse(HttpUtils.java:228) - [ INFO ]----{"code":1,"msg":"手机号为空","data":null,"copyright":"Copyright 柠檬班 © 2017-2020 湖南省零檬信息技术有限公司 All Rights Reserved"}
2020-07-05 18:00:50 method: com.lemon.utils.HttpUtils.printResponse(HttpUtils.java:234) - [ INFO ]----200
2020-07-05 18:00:50 method: com.lemon.utils.HttpUtils.printResponse(HttpUtils.java:222) - [ INFO ]----[Server: nginx/1.4.2, Date: Sun, 05 Jul 2020 10:00:51 GMT, Content-Type: application/json;charset=UTF-8, Transfer-Encoding: chunked, Connection: keep-alive]
2020-07-05 18:00:50 method: com.lemon.utils.HttpUtils.printResponse(HttpUtils.java:228) - [ INFO ]----{"code":2,"msg":"无效的手机格式","data":null,"copyright":"Copyright 柠檬班 © 2017-2020 湖南省零檬信息技术有限公司 All Rights Reserved"}
2020-07-05 18:00:50 method: com.lemon.utils.HttpUtils.printResponse(HttpUtils.java:234) - [ INFO ]----200
2020-07-05 18:00:51 method: com.lemon.utils.HttpUtils.printResponse(HttpUtils.java:222) - [ INFO ]----[Server: nginx/1.4.2, Date: Sun, 05 Jul 2020 10:00:51 GMT, Content-Type: application/json;charset=UTF-8, Transfer-Encoding: chunked, Connection: keep-alive]
2020-07-05 18:00:51 method: com.lemon.utils.HttpUtils.printResponse(HttpUtils.java:228) - [ INFO ]----{"code":2,"msg":"密码格式为8到16位","data":null,"copyright":"Copyright 柠檬班 © 2017-2020 湖南省零檬信息技术有限公司 All Rights Reserved"}
2020-07-05 18:00:51 method: com.lemon.utils.HttpUtils.printResponse(HttpUtils.java:234) - [ INFO ]----200
2020-07-05 18:00:51 method: com.lemon.utils.HttpUtils.printResponse(HttpUtils.java:222) - [ INFO ]----[Server: nginx/1.4.2, Date: Sun, 05 Jul 2020 10:00:52 GMT, Content-Type: application/json;charset=UTF-8, Transfer-Encoding: chunked, Connection: keep-alive]
2020-07-05 18:00:51 method: com.lemon.utils.HttpUtils.printResponse(HttpUtils.java:228) - [ INFO ]----{"code":2,"msg":"账号已存在","data":null,"copyright":"Copyright 柠檬班 © 2017-2020 湖南省零檬信息技术有限公司 All Rights Reserved"}
2020-07-05 18:00:51 method: com.lemon.utils.HttpUtils.printResponse(HttpUtils.java:234) - [ INFO ]----200
2020-07-05 18:00:52 method: com.lemon.utils.HttpUtils.printResponse(HttpUtils.java:222) - [ INFO ]----[Server: nginx/1.4.2, Date: Sun, 05 Jul 2020 10:00:52 GMT, Content-Type: application/json;charset=UTF-8, Transfer-Encoding: chunked, Connection: keep-alive]
2020-07-05 18:00:52 method: com.lemon.utils.HttpUtils.printResponse(HttpUtils.java:228) - [ INFO ]----{"code":2,"msg":"账号已存在","data":null,"copyright":"Copyright 柠檬班 © 2017-2020 湖南省零檬信息技术有限公司 All Rights Reserved"}
2020-07-05 18:00:52 method: com.lemon.utils.HttpUtils.printResponse(HttpUtils.java:234) - [ INFO ]----200
2020-07-05 18:00:52 method: com.lemon.utils.HttpUtils.printResponse(HttpUtils.java:222) - [ INFO ]----[Server: nginx/1.4.2, Date: Sun, 05 Jul 2020 10:00:52 GMT, Content-Type: application/json;charset=UTF-8, Transfer-Encoding: chunked, Connection: keep-alive]
2020-07-05 18:00:52 method: com.lemon.utils.HttpUtils.printResponse(HttpUtils.java:228) - [ INFO ]----{"code":1,"msg":"密码为空","data":null,"copyright":"Copyright 柠檬班 © 2017-2020 湖南省零檬信息技术有限公司 All Rights Reserved"}
2020-07-05 18:00:52 method: com.lemon.utils.HttpUtils.printResponse(HttpUtils.java:234) - [ INFO ]----200
2020-07-05 18:00:52 method: com.lemon.utils.HttpUtils.printResponse(HttpUtils.java:222) - [ INFO ]----[Server: nginx/1.4.2, Date: Sun, 05 Jul 2020 10:00:53 GMT, Content-Type: application/json;charset=UTF-8, Transfer-Encoding: chunked, Connection: keep-alive]
2020-07-05 18:00:52 method: com.lemon.utils.HttpUtils.printResponse(HttpUtils.java:228) - [ INFO ]----{"code":1,"msg":"手机号码为空","data":null,"copyright":"Copyright 柠檬班 © 2017-2020 湖南省零檬信息技术有限公司 All Rights Reserved"}
2020-07-05 18:00:52 method: com.lemon.utils.HttpUtils.printResponse(HttpUtils.java:234) - [ INFO ]----200
2020-07-05 18:00:52 method: com.lemon.utils.HttpUtils.printResponse(HttpUtils.java:222) - [ INFO ]----[Server: nginx/1.4.2, Date: Sun, 05 Jul 2020 10:00:53 GMT, Content-Type: application/json;charset=UTF-8, Transfer-Encoding: chunked, Connection: keep-alive]
2020-07-05 18:00:52 method: com.lemon.utils.HttpUtils.printResponse(HttpUtils.java:228) - [ INFO ]----{"code":2,"msg":"无效的手机格式","data":null,"copyright":"Copyright 柠檬班 © 2017-2020 湖南省零檬信息技术有限公司 All Rights Reserved"}
2020-07-05 18:00:52 method: com.lemon.utils.HttpUtils.printResponse(HttpUtils.java:234) - [ INFO ]----200
2020-07-05 18:00:52 method: com.lemon.utils.HttpUtils.printResponse(HttpUtils.java:222) - [ INFO ]----[Server: nginx/1.4.2, Date: Sun, 05 Jul 2020 10:00:53 GMT, Content-Type: application/json;charset=UTF-8, Transfer-Encoding: chunked, Connection: keep-alive]
2020-07-05 18:00:52 method: com.lemon.utils.HttpUtils.printResponse(HttpUtils.java:228) - [ INFO ]----{"code":1,"msg":"手机号码为空","data":null,"copyright":"Copyright 柠檬班 © 2017-2020 湖南省零檬信息技术有限公司 All Rights Reserved"}
2020-07-05 18:00:52 method: com.lemon.utils.HttpUtils.printResponse(HttpUtils.java:234) - [ INFO ]----200
2020-07-05 18:00:53 method: com.lemon.utils.HttpUtils.printResponse(HttpUtils.java:222) - [ INFO ]----[Server: nginx/1.4.2, Date: Sun, 05 Jul 2020 10:00:53 GMT, Content-Type: application/json;charset=UTF-8, Transfer-Encoding: chunked, Connection: keep-alive]
2020-07-05 18:00:53 method: com.lemon.utils.HttpUtils.printResponse(HttpUtils.java:228) - [ INFO ]----{"code":0,"msg":"OK","data":{"id":215223,"leave_amount":364000.0,"mobile_phone":"18774609323","reg_name":"小柠檬","reg_time":"2020-07-02 17:00:50.0","type":0,"token_info":{"token_type":"Bearer","expires_in":"2020-07-05 18:05:53","token":"eyJhbGciOiJIUzUxMiJ9.eyJtZW1iZXJfaWQiOjIxNTIyMywiZXhwIjoxNTkzOTQzNTUzfQ.PE8js_7eNQr3a5DZjdilzQj8QmxPUZvFaNnYvUVd7PMet_vXrVm6kwUWFRFNGh2ijRTz1tJXlbHMu7QpXa8CHw"}},"copyright":"Copyright 柠檬班 © 2017-2020 湖南省零檬信息技术有限公司 All Rights Reserved"}
2020-07-05 18:00:53 method: com.lemon.utils.HttpUtils.printResponse(HttpUtils.java:234) - [ INFO ]----200
2020-07-05 18:00:53 method: com.lemon.utils.HttpUtils.printResponse(HttpUtils.java:222) - [ INFO ]----[Server: nginx/1.4.2, Date: Sun, 05 Jul 2020 10:00:53 GMT, Content-Type: application/json;charset=UTF-8, Transfer-Encoding: chunked, Connection: keep-alive]
2020-07-05 18:00:53 method: com.lemon.utils.HttpUtils.printResponse(HttpUtils.java:228) - [ INFO ]----{"code":0,"msg":"OK","data":{"id":215223,"leave_amount":364000.0,"mobile_phone":"18774609323","reg_name":"小柠檬","reg_time":"2020-07-02 17:00:50.0","type":0,"token_info":{"token_type":"Bearer","expires_in":"2020-07-05 18:05:53","token":"eyJhbGciOiJIUzUxMiJ9.eyJtZW1iZXJfaWQiOjIxNTIyMywiZXhwIjoxNTkzOTQzNTUzfQ.PE8js_7eNQr3a5DZjdilzQj8QmxPUZvFaNnYvUVd7PMet_vXrVm6kwUWFRFNGh2ijRTz1tJXlbHMu7QpXa8CHw"}},"copyright":"Copyright 柠檬班 © 2017-2020 湖南省零檬信息技术有限公司 All Rights Reserved"}
2020-07-05 18:00:53 method: com.lemon.utils.HttpUtils.printResponse(HttpUtils.java:234) - [ INFO ]----200
2020-07-05 18:00:53 method: com.lemon.utils.HttpUtils.printResponse(HttpUtils.java:222) - [ INFO ]----[Server: nginx/1.4.2, Date: Sun, 05 Jul 2020 10:00:53 GMT, Content-Type: application/json;charset=UTF-8, Transfer-Encoding: chunked, Connection: keep-alive]
2020-07-05 18:00:53 method: com.lemon.utils.HttpUtils.printResponse(HttpUtils.java:228) - [ INFO ]----{"code":1007,"msg":"无权限访问，请检查参数","data":null,"copyright":"Copyright 柠檬班 © 2017-2020 湖南省零檬信息技术有限公司 All Rights Reserved"}
2020-07-05 18:00:53 method: com.lemon.utils.HttpUtils.printResponse(HttpUtils.java:234) - [ INFO ]----200
2020-07-05 18:00:53 method: com.lemon.utils.HttpUtils.printResponse(HttpUtils.java:222) - [ INFO ]----[Server: nginx/1.4.2, Date: Sun, 05 Jul 2020 10:00:53 GMT, Content-Type: application/json;charset=UTF-8, Transfer-Encoding: chunked, Connection: keep-alive]
2020-07-05 18:00:53 method: com.lemon.utils.HttpUtils.printResponse(HttpUtils.java:228) - [ INFO ]----{"code":2,"msg":"余额必须大于0并且小于或者等于500000","data":null,"copyright":"Copyright 柠檬班 © 2017-2020 湖南省零檬信息技术有限公司 All Rights Reserved"}
2020-07-05 18:00:53 method: com.lemon.utils.HttpUtils.printResponse(HttpUtils.java:234) - [ INFO ]----200
2020-07-05 18:00:53 method: com.lemon.utils.HttpUtils.printResponse(HttpUtils.java:222) - [ INFO ]----[Server: nginx/1.4.2, Date: Sun, 05 Jul 2020 10:00:53 GMT, Content-Type: application/json;charset=UTF-8, Transfer-Encoding: chunked, Connection: keep-alive]
2020-07-05 18:00:53 method: com.lemon.utils.HttpUtils.printResponse(HttpUtils.java:228) - [ INFO ]----{"code":2,"msg":"余额必须大于0并且小于或者等于500000","data":null,"copyright":"Copyright 柠檬班 © 2017-2020 湖南省零檬信息技术有限公司 All Rights Reserved"}
2020-07-05 18:00:53 method: com.lemon.utils.HttpUtils.printResponse(HttpUtils.java:234) - [ INFO ]----200
2020-07-05 18:00:53 method: com.lemon.utils.HttpUtils.printResponse(HttpUtils.java:222) - [ INFO ]----[Server: nginx/1.4.2, Date: Sun, 05 Jul 2020 10:00:53 GMT, Content-Type: application/json;charset=UTF-8, Transfer-Encoding: chunked, Connection: keep-alive]
2020-07-05 18:00:53 method: com.lemon.utils.HttpUtils.printResponse(HttpUtils.java:228) - [ INFO ]----{"code":2,"msg":"余额必须为数值型","data":null,"copyright":"Copyright 柠檬班 © 2017-2020 湖南省零檬信息技术有限公司 All Rights Reserved"}
2020-07-05 18:00:53 method: com.lemon.utils.HttpUtils.printResponse(HttpUtils.java:234) - [ INFO ]----200
2020-07-05 18:00:54 method: com.lemon.utils.HttpUtils.printResponse(HttpUtils.java:222) - [ INFO ]----[Server: nginx/1.4.2, Date: Sun, 05 Jul 2020 10:00:54 GMT, Content-Type: application/json;charset=UTF-8, Transfer-Encoding: chunked, Connection: keep-alive]
2020-07-05 18:00:54 method: com.lemon.utils.HttpUtils.printResponse(HttpUtils.java:228) - [ INFO ]----{"code":0,"msg":"OK","data":{"id":215223,"leave_amount":367500.0,"mobile_phone":"18774609323","reg_name":"小柠檬","reg_time":"2020-07-02 17:00:50.0","type":0},"copyright":"Copyright 柠檬班 © 2017-2020 湖南省零檬信息技术有限公司 All Rights Reserved"}
2020-07-05 18:00:54 method: com.lemon.utils.HttpUtils.printResponse(HttpUtils.java:234) - [ INFO ]----200
2020-07-05 18:00:55 method: com.lemon.utils.HttpUtils.printResponse(HttpUtils.java:222) - [ INFO ]----[Server: nginx/1.4.2, Date: Sun, 05 Jul 2020 10:00:55 GMT, Content-Type: application/json;charset=UTF-8, Transfer-Encoding: chunked, Connection: keep-alive]
2020-07-05 18:00:55 method: com.lemon.utils.HttpUtils.printResponse(HttpUtils.java:228) - [ INFO ]----{"code":0,"msg":"OK","data":{"id":215223,"leave_amount":371000.0,"mobile_phone":"18774609323","reg_name":"小柠檬","reg_time":"2020-07-02 17:00:50.0","type":0},"copyright":"Copyright 柠檬班 © 2017-2020 湖南省零檬信息技术有限公司 All Rights Reserved"}
2020-07-05 18:00:55 method: com.lemon.utils.HttpUtils.printResponse(HttpUtils.java:234) - [ INFO ]----200
2020-07-05 18:00:55 method: com.lemon.utils.HttpUtils.printResponse(HttpUtils.java:222) - [ INFO ]----[Server: nginx/1.4.2, Date: Sun, 05 Jul 2020 10:00:55 GMT, Content-Type: application/json;charset=UTF-8, Transfer-Encoding: chunked, Connection: keep-alive]
2020-07-05 18:00:55 method: com.lemon.utils.HttpUtils.printResponse(HttpUtils.java:228) - [ INFO ]----{"code":0,"msg":"OK","data":{"id":1301980,"member_id":215223,"title":"报名 Java 全栈自动化课程","amount":6300.0,"loan_rate":12.0,"loan_term":12,"loan_date_type":1,"bidding_days":5,"create_time":"2020-07-05 18:00:55.0","bidding_start_time":null,"full_time":null,"status":1},"copyright":"Copyright 柠檬班 © 2017-2020 湖南省零檬信息技术有限公司 All Rights Reserved"}
2020-07-05 18:00:55 method: com.lemon.utils.HttpUtils.printResponse(HttpUtils.java:234) - [ INFO ]----200
2020-07-05 18:00:55 method: com.lemon.utils.HttpUtils.printResponse(HttpUtils.java:222) - [ INFO ]----[Server: nginx/1.4.2, Date: Sun, 05 Jul 2020 10:00:56 GMT, Content-Type: application/json;charset=UTF-8, Transfer-Encoding: chunked, Connection: keep-alive]
2020-07-05 18:00:55 method: com.lemon.utils.HttpUtils.printResponse(HttpUtils.java:228) - [ INFO ]----{"code":0,"msg":"OK","data":{"id":215199,"leave_amount":-326200.0,"mobile_phone":"18774609321","reg_name":"小柠檬","reg_time":"2020-07-02 16:38:14.0","type":0,"token_info":{"token_type":"Bearer","expires_in":"2020-07-05 18:05:56","token":"eyJhbGciOiJIUzUxMiJ9.eyJtZW1iZXJfaWQiOjIxNTE5OSwiZXhwIjoxNTkzOTQzNTU2fQ.gCl3BBK62ELWTqxE-kiOv1PgQsIAVRzgXqzm11qEBLXGNeCSvkfvmrUDsaWz_FrbGICH6-3TL1Wu4U5DxwGZrw"}},"copyright":"Copyright 柠檬班 © 2017-2020 湖南省零檬信息技术有限公司 All Rights Reserved"}
2020-07-05 18:00:55 method: com.lemon.utils.HttpUtils.printResponse(HttpUtils.java:234) - [ INFO ]----200
2020-07-05 18:00:55 method: com.lemon.utils.HttpUtils.printResponse(HttpUtils.java:222) - [ INFO ]----[Server: nginx/1.4.2, Date: Sun, 05 Jul 2020 10:00:56 GMT, Content-Type: application/json;charset=UTF-8, Transfer-Encoding: chunked, Connection: keep-alive]
2020-07-05 18:00:55 method: com.lemon.utils.HttpUtils.printResponse(HttpUtils.java:228) - [ INFO ]----{"code":0,"msg":"OK","data":null,"copyright":"Copyright 柠檬班 © 2017-2020 湖南省零檬信息技术有限公司 All Rights Reserved"}
2020-07-05 18:00:55 method: com.lemon.utils.HttpUtils.printResponse(HttpUtils.java:234) - [ INFO ]----200
2020-07-05 18:00:56 method: com.lemon.utils.HttpUtils.printResponse(HttpUtils.java:222) - [ INFO ]----[Server: nginx/1.4.2, Date: Sun, 05 Jul 2020 10:00:56 GMT, Content-Type: application/json;charset=UTF-8, Transfer-Encoding: chunked, Connection: keep-alive]
2020-07-05 18:00:56 method: com.lemon.utils.HttpUtils.printResponse(HttpUtils.java:228) - [ INFO ]----{"code":0,"msg":"OK","data":{"id":6510,"member_id":215199,"loan_id":1301980,"amount":6300.0,"create_time":"2020-07-05 18:00:56","is_valid":1},"copyright":"Copyright 柠檬班 © 2017-2020 湖南省零檬信息技术有限公司 All Rights Reserved"}
2020-07-05 18:00:56 method: com.lemon.utils.HttpUtils.printResponse(HttpUtils.java:234) - [ INFO ]----200
