2020-06-16 15:26:16,449 INFO o.a.j.u.JMeterUtils: Setting Locale to zh_CN
2020-06-16 15:26:16,463 INFO o.a.j.JMeter: Loading system properties from: system.properties
2020-06-16 15:26:16,463 INFO o.a.j.JMeter: Setting System property: sun.net.http.allowRestrictedHeaders=true
2020-06-16 15:26:16,467 INFO o.a.j.JMeter: Copyright (c) 1998-2019 The Apache Software Foundation
2020-06-16 15:26:16,467 INFO o.a.j.JMeter: Version 5.1.1 r1855137
2020-06-16 15:26:16,467 INFO o.a.j.JMeter: java.version=1.8.0_231
2020-06-16 15:26:16,467 INFO o.a.j.JMeter: java.vm.name=Java HotSpot(TM) 64-Bit Server VM
2020-06-16 15:26:16,467 INFO o.a.j.JMeter: os.name=Windows 10
2020-06-16 15:26:16,467 INFO o.a.j.JMeter: os.arch=amd64
2020-06-16 15:26:16,467 INFO o.a.j.JMeter: os.version=10.0
2020-06-16 15:26:16,467 INFO o.a.j.JMeter: file.encoding=GBK
2020-06-16 15:26:16,467 INFO o.a.j.JMeter: java.awt.headless=true
2020-06-16 15:26:16,468 INFO o.a.j.JMeter: Max memory     =514850816
2020-06-16 15:26:16,468 INFO o.a.j.JMeter: Available Processors =12
2020-06-16 15:26:16,474 INFO o.a.j.JMeter: Default Locale=中文 (中国)
2020-06-16 15:26:16,474 INFO o.a.j.JMeter: JMeter  Locale=中文 (中国)
2020-06-16 15:26:16,474 INFO o.a.j.JMeter: JMeterHome=D:\ideaCode\java19\Scott_practice\target\jmeter
2020-06-16 15:26:16,474 INFO o.a.j.JMeter: user.dir  =D:\ideaCode\java19\Scott_practice\target\jmeter\bin
2020-06-16 15:26:16,474 INFO o.a.j.JMeter: PWD       =D:\ideaCode\java19\Scott_practice\target\jmeter\bin
2020-06-16 15:26:16,487 INFO o.a.j.JMeter: IP: 192.168.56.1 Name: LAPTOP-SCOTT FullName: LAPTOP-SCOTT
2020-06-16 15:26:16,495 INFO o.a.j.s.FileServer: Default base='D:\ideaCode\java19\Scott_practice\target\jmeter\bin'
2020-06-16 15:26:16,502 INFO o.a.j.s.FileServer: Set new base='D:\ideaCode\java19\Scott_practice\target\jmeter\testFiles'
2020-06-16 15:26:16,622 INFO o.a.j.s.SaveService: Testplan (JMX) version: 2.2. Testlog (JTL) version: 2.2
2020-06-16 15:26:16,632 INFO o.a.j.s.SaveService: Using SaveService properties file encoding UTF-8
2020-06-16 15:26:16,636 INFO o.a.j.s.SaveService: Using SaveService properties version 5.0
2020-06-16 15:26:16,640 INFO o.a.j.s.SaveService: Loading file: D:\ideaCode\java19\Scott_practice\target\jmeter\testFiles\java19课后练习.jmx
2020-06-16 15:26:16,678 INFO o.a.j.p.h.s.HTTPSamplerBase: Parser for text/html is org.apache.jmeter.protocol.http.parser.LagartoBasedHtmlParser
2020-06-16 15:26:16,678 INFO o.a.j.p.h.s.HTTPSamplerBase: Parser for application/xhtml+xml is org.apache.jmeter.protocol.http.parser.LagartoBasedHtmlParser
2020-06-16 15:26:16,678 INFO o.a.j.p.h.s.HTTPSamplerBase: Parser for application/xml is org.apache.jmeter.protocol.http.parser.LagartoBasedHtmlParser
2020-06-16 15:26:16,678 INFO o.a.j.p.h.s.HTTPSamplerBase: Parser for text/xml is org.apache.jmeter.protocol.http.parser.LagartoBasedHtmlParser
2020-06-16 15:26:16,678 INFO o.a.j.p.h.s.HTTPSamplerBase: Parser for text/vnd.wap.wml is org.apache.jmeter.protocol.http.parser.RegexpHTMLParser
2020-06-16 15:26:16,678 INFO o.a.j.p.h.s.HTTPSamplerBase: Parser for text/css is org.apache.jmeter.protocol.http.parser.CssParser
2020-06-16 15:26:16,714 INFO o.a.j.JMeter: Creating summariser <summary>
2020-06-16 15:26:16,718 INFO o.a.j.e.StandardJMeterEngine: Running the test!
2020-06-16 15:26:16,719 INFO o.a.j.s.SampleEvent: List of sample_variables: []
2020-06-16 15:26:16,719 INFO o.a.j.s.SampleEvent: List of sample_variables: []
2020-06-16 15:26:16,724 INFO o.a.j.e.u.CompoundVariable: Note: Function class names must contain the string: '.functions.'
2020-06-16 15:26:16,724 INFO o.a.j.e.u.CompoundVariable: Note: Function class names must not contain the string: '.gui.'
2020-06-16 15:26:17,001 INFO o.a.j.JMeter: 正在运行的测试 (1592292377000)
2020-06-16 15:26:17,064 INFO o.a.j.e.StandardJMeterEngine: Starting ThreadGroup: 1 : 线程组
2020-06-16 15:26:17,064 INFO o.a.j.e.StandardJMeterEngine: Starting 3 threads for group 线程组.
2020-06-16 15:26:17,064 INFO o.a.j.e.StandardJMeterEngine: Thread will continue on error
2020-06-16 15:26:17,064 INFO o.a.j.t.ThreadGroup: Starting thread group... number=1 threads=3 ramp-up=1 delayedStart=false
2020-06-16 15:26:17,070 INFO o.a.j.t.ThreadGroup: Started thread group number 1
2020-06-16 15:26:17,070 INFO o.a.j.e.StandardJMeterEngine: All thread groups have been started
2020-06-16 15:26:17,096 INFO o.a.j.t.JMeterThread: Thread started: 线程组 1-1
2020-06-16 15:26:17,098 INFO o.a.j.s.FileServer: Stored: lemon.csv
2020-06-16 15:26:17,112 INFO o.a.j.p.h.s.HTTPHCAbstractImpl: Local host = LAPTOP-SCOTT
2020-06-16 15:26:17,117 INFO o.a.j.p.h.s.HTTPHC4Impl: HTTP request retry count = 0
2020-06-16 15:26:17,118 INFO o.a.j.s.SampleResult: Note: Sample TimeStamps are START times
2020-06-16 15:26:17,118 INFO o.a.j.s.SampleResult: sampleresult.default.encoding is set to ISO-8859-1
2020-06-16 15:26:17,118 INFO o.a.j.s.SampleResult: sampleresult.useNanoTime=true
2020-06-16 15:26:17,118 INFO o.a.j.s.SampleResult: sampleresult.nanoThreadSleep=5000
2020-06-16 15:26:17,426 INFO o.a.j.t.JMeterThread: Thread started: 线程组 1-2
2020-06-16 15:26:17,428 INFO o.a.j.t.JMeterThread: Thread is done: 线程组 1-1
2020-06-16 15:26:17,428 INFO o.a.j.t.JMeterThread: Thread finished: 线程组 1-1
2020-06-16 15:26:17,614 INFO o.a.j.t.JMeterThread: Thread is done: 线程组 1-2
2020-06-16 15:26:17,614 INFO o.a.j.t.JMeterThread: Thread finished: 线程组 1-2
2020-06-16 15:26:17,758 INFO o.a.j.t.JMeterThread: Thread started: 线程组 1-3
2020-06-16 15:26:17,923 INFO o.a.j.t.JMeterThread: Thread is done: 线程组 1-3
2020-06-16 15:26:17,923 INFO o.a.j.t.JMeterThread: Thread finished: 线程组 1-3
2020-06-16 15:26:17,924 INFO o.a.j.e.StandardJMeterEngine: Notifying test listeners of end of test
2020-06-16 15:26:17,924 INFO o.a.j.s.FileServer: Close: lemon.csv
2020-06-16 15:26:17,925 INFO o.a.j.r.Summariser: summary =      9 in 00:00:01 =    9.7/s Avg:    63 Min:    37 Max:   126 Err:     0 (0.00%)
