2020-09-13 10:49:04,942 INFO o.a.j.u.JMeterUtils: Setting Locale to zh_CN
2020-09-13 10:49:04,957 INFO o.a.j.JMeter: Loading system properties from: system.properties
2020-09-13 10:49:04,957 INFO o.a.j.JMeter: Setting System property: sun.net.http.allowRestrictedHeaders=true
2020-09-13 10:49:04,962 INFO o.a.j.JMeter: Copyright (c) 1998-2019 The Apache Software Foundation
2020-09-13 10:49:04,962 INFO o.a.j.JMeter: Version 5.1.1 r1855137
2020-09-13 10:49:04,962 INFO o.a.j.JMeter: java.version=1.8.0_231
2020-09-13 10:49:04,962 INFO o.a.j.JMeter: java.vm.name=Java HotSpot(TM) 64-Bit Server VM
2020-09-13 10:49:04,962 INFO o.a.j.JMeter: os.name=Windows 10
2020-09-13 10:49:04,962 INFO o.a.j.JMeter: os.arch=amd64
2020-09-13 10:49:04,962 INFO o.a.j.JMeter: os.version=10.0
2020-09-13 10:49:04,962 INFO o.a.j.JMeter: file.encoding=GBK
2020-09-13 10:49:04,962 INFO o.a.j.JMeter: java.awt.headless=true
2020-09-13 10:49:04,963 INFO o.a.j.JMeter: Max memory     =514850816
2020-09-13 10:49:04,963 INFO o.a.j.JMeter: Available Processors =12
2020-09-13 10:49:04,969 INFO o.a.j.JMeter: Default Locale=中文 (中国)
2020-09-13 10:49:04,969 INFO o.a.j.JMeter: JMeter  Locale=中文 (中国)
2020-09-13 10:49:04,969 INFO o.a.j.JMeter: JMeterHome=D:\ideaCode\java19\java19_jmeter\target\jmeter
2020-09-13 10:49:04,969 INFO o.a.j.JMeter: user.dir  =D:\ideaCode\java19\java19_jmeter\target\jmeter\bin
2020-09-13 10:49:04,970 INFO o.a.j.JMeter: PWD       =D:\ideaCode\java19\java19_jmeter\target\jmeter\bin
2020-09-13 10:49:13,996 INFO o.a.j.JMeter: IP: 192.168.56.1 Name: LAPTOP-SCOTT FullName: LAPTOP-SCOTT
2020-09-13 10:49:14,006 INFO o.a.j.s.FileServer: Default base='D:\ideaCode\java19\java19_jmeter\target\jmeter\bin'
2020-09-13 10:49:14,019 INFO o.a.j.s.FileServer: Set new base='D:\ideaCode\java19\java19_jmeter\target\jmeter\testFiles'
2020-09-13 10:49:14,224 INFO o.a.j.s.SaveService: Testplan (JMX) version: 2.2. Testlog (JTL) version: 2.2
2020-09-13 10:49:14,233 INFO o.a.j.s.SaveService: Using SaveService properties file encoding UTF-8
2020-09-13 10:49:14,237 INFO o.a.j.s.SaveService: Using SaveService properties version 5.0
2020-09-13 10:49:14,242 INFO o.a.j.s.SaveService: Loading file: D:\ideaCode\java19\java19_jmeter\target\jmeter\testFiles\java19_jmeter.jmx
2020-09-13 10:49:14,280 INFO o.a.j.p.h.s.HTTPSamplerBase: Parser for text/html is org.apache.jmeter.protocol.http.parser.LagartoBasedHtmlParser
2020-09-13 10:49:14,280 INFO o.a.j.p.h.s.HTTPSamplerBase: Parser for application/xhtml+xml is org.apache.jmeter.protocol.http.parser.LagartoBasedHtmlParser
2020-09-13 10:49:14,280 INFO o.a.j.p.h.s.HTTPSamplerBase: Parser for application/xml is org.apache.jmeter.protocol.http.parser.LagartoBasedHtmlParser
2020-09-13 10:49:14,280 INFO o.a.j.p.h.s.HTTPSamplerBase: Parser for text/xml is org.apache.jmeter.protocol.http.parser.LagartoBasedHtmlParser
2020-09-13 10:49:14,280 INFO o.a.j.p.h.s.HTTPSamplerBase: Parser for text/vnd.wap.wml is org.apache.jmeter.protocol.http.parser.RegexpHTMLParser
2020-09-13 10:49:14,280 INFO o.a.j.p.h.s.HTTPSamplerBase: Parser for text/css is org.apache.jmeter.protocol.http.parser.CssParser
2020-09-13 10:49:14,310 INFO o.a.j.JMeter: Creating summariser <summary>
2020-09-13 10:49:14,314 INFO o.a.j.e.StandardJMeterEngine: Running the test!
2020-09-13 10:49:14,315 INFO o.a.j.s.SampleEvent: List of sample_variables: []
2020-09-13 10:49:14,315 INFO o.a.j.s.SampleEvent: List of sample_variables: []
2020-09-13 10:49:14,321 INFO o.a.j.e.u.CompoundVariable: Note: Function class names must contain the string: '.functions.'
2020-09-13 10:49:14,321 INFO o.a.j.e.u.CompoundVariable: Note: Function class names must not contain the string: '.gui.'
2020-09-13 10:49:14,625 INFO o.a.j.JMeter: 正在运行的测试 (1599965354625)
2020-09-13 10:49:14,703 INFO o.a.j.e.StandardJMeterEngine: Starting ThreadGroup: 1 : 线程组
2020-09-13 10:49:14,703 INFO o.a.j.e.StandardJMeterEngine: Starting 3 threads for group 线程组.
2020-09-13 10:49:14,703 INFO o.a.j.e.StandardJMeterEngine: Thread will continue on error
2020-09-13 10:49:14,704 INFO o.a.j.t.ThreadGroup: Starting thread group... number=1 threads=3 ramp-up=1 delayedStart=false
2020-09-13 10:49:14,709 INFO o.a.j.t.ThreadGroup: Started thread group number 1
2020-09-13 10:49:14,709 INFO o.a.j.e.StandardJMeterEngine: All thread groups have been started
2020-09-13 10:49:14,762 INFO o.a.j.t.JMeterThread: Thread started: 线程组 1-1
2020-09-13 10:49:14,764 INFO o.a.j.s.FileServer: Stored: lemon.csv
2020-09-13 10:49:14,785 INFO o.a.j.p.h.s.HTTPHCAbstractImpl: Local host = LAPTOP-SCOTT
2020-09-13 10:49:14,792 INFO o.a.j.p.h.s.HTTPHC4Impl: HTTP request retry count = 0
2020-09-13 10:49:14,794 INFO o.a.j.s.SampleResult: Note: Sample TimeStamps are START times
2020-09-13 10:49:14,794 INFO o.a.j.s.SampleResult: sampleresult.default.encoding is set to ISO-8859-1
2020-09-13 10:49:14,794 INFO o.a.j.s.SampleResult: sampleresult.useNanoTime=true
2020-09-13 10:49:14,794 INFO o.a.j.s.SampleResult: sampleresult.nanoThreadSleep=5000
2020-09-13 10:49:15,091 INFO o.a.j.t.JMeterThread: Thread started: 线程组 1-2
2020-09-13 10:49:15,148 INFO o.a.j.t.JMeterThread: Thread is done: 线程组 1-1
2020-09-13 10:49:15,148 INFO o.a.j.t.JMeterThread: Thread finished: 线程组 1-1
2020-09-13 10:49:15,261 INFO o.a.j.t.JMeterThread: Thread is done: 线程组 1-2
2020-09-13 10:49:15,261 INFO o.a.j.t.JMeterThread: Thread finished: 线程组 1-2
2020-09-13 10:49:15,425 INFO o.a.j.t.JMeterThread: Thread started: 线程组 1-3
2020-09-13 10:49:15,594 INFO o.a.j.t.JMeterThread: Thread is done: 线程组 1-3
2020-09-13 10:49:15,595 INFO o.a.j.t.JMeterThread: Thread finished: 线程组 1-3
2020-09-13 10:49:15,595 INFO o.a.j.e.StandardJMeterEngine: Notifying test listeners of end of test
2020-09-13 10:49:15,596 INFO o.a.j.s.FileServer: Close: lemon.csv
2020-09-13 10:49:15,598 INFO o.a.j.r.Summariser: summary =      9 in 00:00:01 =    9.3/s Avg:    63 Min:    36 Max:   149 Err:     0 (0.00%)
