2020-07-05 16:30:28 method: com.lemon.cases.BaseCase.init(BaseCase.java:44) - [ INFO ]----===============init================================
2020-07-05 16:30:28 method: com.lemon.cases.BaseCase.init(BaseCase.java:56) - [ INFO ]----AuthenticationUtils.VARS=================={${amount}=3500, ${register_mb}=18774609323, ${login_pwd}=123123123, ${register_pwd}=12345678, ${login_mb}=13212312312}
2020-07-05 16:30:29 method: com.lemon.utils.HttpUtils.printResponse(HttpUtils.java:222) - [ INFO ]----[Server: nginx/1.4.2, Date: Sun, 05 Jul 2020 08:30:29 GMT, Content-Type: application/json;charset=UTF-8, Transfer-Encoding: chunked, Connection: keep-alive]
2020-07-05 16:30:29 method: com.lemon.utils.HttpUtils.printResponse(HttpUtils.java:228) - [ INFO ]----{"code":1,"msg":"密码为空","data":null,"copyright":"Copyright 柠檬班 © 2017-2020 湖南省零檬信息技术有限公司 All Rights Reserved"}
2020-07-05 16:30:29 method: com.lemon.utils.HttpUtils.printResponse(HttpUtils.java:234) - [ INFO ]----200
2020-07-05 16:30:29 method: com.lemon.utils.HttpUtils.printResponse(HttpUtils.java:222) - [ INFO ]----[Server: nginx/1.4.2, Date: Sun, 05 Jul 2020 08:30:29 GMT, Content-Type: application/json;charset=UTF-8, Transfer-Encoding: chunked, Connection: keep-alive]
2020-07-05 16:30:29 method: com.lemon.utils.HttpUtils.printResponse(HttpUtils.java:228) - [ INFO ]----{"code":1,"msg":"手机号为空","data":null,"copyright":"Copyright 柠檬班 © 2017-2020 湖南省零檬信息技术有限公司 All Rights Reserved"}
2020-07-05 16:30:29 method: com.lemon.utils.HttpUtils.printResponse(HttpUtils.java:234) - [ INFO ]----200
2020-07-05 16:30:29 method: com.lemon.utils.HttpUtils.printResponse(HttpUtils.java:222) - [ INFO ]----[Server: nginx/1.4.2, Date: Sun, 05 Jul 2020 08:30:29 GMT, Content-Type: application/json;charset=UTF-8, Transfer-Encoding: chunked, Connection: keep-alive]
2020-07-05 16:30:29 method: com.lemon.utils.HttpUtils.printResponse(HttpUtils.java:228) - [ INFO ]----{"code":2,"msg":"无效的手机格式","data":null,"copyright":"Copyright 柠檬班 © 2017-2020 湖南省零檬信息技术有限公司 All Rights Reserved"}
2020-07-05 16:30:29 method: com.lemon.utils.HttpUtils.printResponse(HttpUtils.java:234) - [ INFO ]----200
2020-07-05 16:30:29 method: com.lemon.utils.HttpUtils.printResponse(HttpUtils.java:222) - [ INFO ]----[Server: nginx/1.4.2, Date: Sun, 05 Jul 2020 08:30:29 GMT, Content-Type: application/json;charset=UTF-8, Transfer-Encoding: chunked, Connection: keep-alive]
2020-07-05 16:30:29 method: com.lemon.utils.HttpUtils.printResponse(HttpUtils.java:228) - [ INFO ]----{"code":2,"msg":"密码格式为8到16位","data":null,"copyright":"Copyright 柠檬班 © 2017-2020 湖南省零檬信息技术有限公司 All Rights Reserved"}
2020-07-05 16:30:29 method: com.lemon.utils.HttpUtils.printResponse(HttpUtils.java:234) - [ INFO ]----200
2020-07-05 16:30:30 method: com.lemon.utils.HttpUtils.printResponse(HttpUtils.java:222) - [ INFO ]----[Server: nginx/1.4.2, Date: Sun, 05 Jul 2020 08:30:30 GMT, Content-Type: application/json;charset=UTF-8, Transfer-Encoding: chunked, Connection: keep-alive]
2020-07-05 16:30:30 method: com.lemon.utils.HttpUtils.printResponse(HttpUtils.java:228) - [ INFO ]----{"code":2,"msg":"账号已存在","data":null,"copyright":"Copyright 柠檬班 © 2017-2020 湖南省零檬信息技术有限公司 All Rights Reserved"}
2020-07-05 16:30:30 method: com.lemon.utils.HttpUtils.printResponse(HttpUtils.java:234) - [ INFO ]----200
2020-07-05 16:30:31 method: com.lemon.utils.HttpUtils.printResponse(HttpUtils.java:222) - [ INFO ]----[Server: nginx/1.4.2, Date: Sun, 05 Jul 2020 08:30:31 GMT, Content-Type: application/json;charset=UTF-8, Transfer-Encoding: chunked, Connection: keep-alive]
2020-07-05 16:30:31 method: com.lemon.utils.HttpUtils.printResponse(HttpUtils.java:228) - [ INFO ]----{"code":2,"msg":"账号已存在","data":null,"copyright":"Copyright 柠檬班 © 2017-2020 湖南省零檬信息技术有限公司 All Rights Reserved"}
2020-07-05 16:30:31 method: com.lemon.utils.HttpUtils.printResponse(HttpUtils.java:234) - [ INFO ]----200
2020-07-05 16:30:31 method: com.lemon.utils.HttpUtils.printResponse(HttpUtils.java:222) - [ INFO ]----[Server: nginx/1.4.2, Date: Sun, 05 Jul 2020 08:30:31 GMT, Content-Type: application/json;charset=UTF-8, Transfer-Encoding: chunked, Connection: keep-alive]
2020-07-05 16:30:31 method: com.lemon.utils.HttpUtils.printResponse(HttpUtils.java:228) - [ INFO ]----{"code":1,"msg":"密码为空","data":null,"copyright":"Copyright 柠檬班 © 2017-2020 湖南省零檬信息技术有限公司 All Rights Reserved"}
2020-07-05 16:30:31 method: com.lemon.utils.HttpUtils.printResponse(HttpUtils.java:234) - [ INFO ]----200
2020-07-05 16:30:31 method: com.lemon.utils.HttpUtils.printResponse(HttpUtils.java:222) - [ INFO ]----[Server: nginx/1.4.2, Date: Sun, 05 Jul 2020 08:30:31 GMT, Content-Type: application/json;charset=UTF-8, Transfer-Encoding: chunked, Connection: keep-alive]
2020-07-05 16:30:31 method: com.lemon.utils.HttpUtils.printResponse(HttpUtils.java:228) - [ INFO ]----{"code":1,"msg":"手机号码为空","data":null,"copyright":"Copyright 柠檬班 © 2017-2020 湖南省零檬信息技术有限公司 All Rights Reserved"}
2020-07-05 16:30:31 method: com.lemon.utils.HttpUtils.printResponse(HttpUtils.java:234) - [ INFO ]----200
2020-07-05 16:30:31 method: com.lemon.utils.HttpUtils.printResponse(HttpUtils.java:222) - [ INFO ]----[Server: nginx/1.4.2, Date: Sun, 05 Jul 2020 08:30:31 GMT, Content-Type: application/json;charset=UTF-8, Transfer-Encoding: chunked, Connection: keep-alive]
2020-07-05 16:30:31 method: com.lemon.utils.HttpUtils.printResponse(HttpUtils.java:228) - [ INFO ]----{"code":2,"msg":"无效的手机格式","data":null,"copyright":"Copyright 柠檬班 © 2017-2020 湖南省零檬信息技术有限公司 All Rights Reserved"}
2020-07-05 16:30:31 method: com.lemon.utils.HttpUtils.printResponse(HttpUtils.java:234) - [ INFO ]----200
2020-07-05 16:30:31 method: com.lemon.utils.HttpUtils.printResponse(HttpUtils.java:222) - [ INFO ]----[Server: nginx/1.4.2, Date: Sun, 05 Jul 2020 08:30:31 GMT, Content-Type: application/json;charset=UTF-8, Transfer-Encoding: chunked, Connection: keep-alive]
2020-07-05 16:30:31 method: com.lemon.utils.HttpUtils.printResponse(HttpUtils.java:228) - [ INFO ]----{"code":1,"msg":"手机号码为空","data":null,"copyright":"Copyright 柠檬班 © 2017-2020 湖南省零檬信息技术有限公司 All Rights Reserved"}
2020-07-05 16:30:31 method: com.lemon.utils.HttpUtils.printResponse(HttpUtils.java:234) - [ INFO ]----200
2020-07-05 16:30:31 method: com.lemon.utils.HttpUtils.printResponse(HttpUtils.java:222) - [ INFO ]----[Server: nginx/1.4.2, Date: Sun, 05 Jul 2020 08:30:31 GMT, Content-Type: application/json;charset=UTF-8, Transfer-Encoding: chunked, Connection: keep-alive]
2020-07-05 16:30:31 method: com.lemon.utils.HttpUtils.printResponse(HttpUtils.java:228) - [ INFO ]----{"code":0,"msg":"OK","data":{"id":215223,"leave_amount":294000.0,"mobile_phone":"18774609323","reg_name":"小柠檬","reg_time":"2020-07-02 17:00:50.0","type":0,"token_info":{"token_type":"Bearer","expires_in":"2020-07-05 16:35:31","token":"eyJhbGciOiJIUzUxMiJ9.eyJtZW1iZXJfaWQiOjIxNTIyMywiZXhwIjoxNTkzOTM4MTMxfQ.SXaJI4Oal2ZomocyXgcVSzavpf9NzSWodPyMpWkzvPw6TCw_xTYAyorcVXZe0zlx2D1skXkrUjhvv-CxopRatw"}},"copyright":"Copyright 柠檬班 © 2017-2020 湖南省零檬信息技术有限公司 All Rights Reserved"}
2020-07-05 16:30:31 method: com.lemon.utils.HttpUtils.printResponse(HttpUtils.java:234) - [ INFO ]----200
2020-07-05 16:30:31 method: com.lemon.utils.HttpUtils.printResponse(HttpUtils.java:222) - [ INFO ]----[Server: nginx/1.4.2, Date: Sun, 05 Jul 2020 08:30:31 GMT, Content-Type: application/json;charset=UTF-8, Transfer-Encoding: chunked, Connection: keep-alive]
2020-07-05 16:30:31 method: com.lemon.utils.HttpUtils.printResponse(HttpUtils.java:228) - [ INFO ]----{"code":0,"msg":"OK","data":{"id":215223,"leave_amount":294000.0,"mobile_phone":"18774609323","reg_name":"小柠檬","reg_time":"2020-07-02 17:00:50.0","type":0,"token_info":{"token_type":"Bearer","expires_in":"2020-07-05 16:35:31","token":"eyJhbGciOiJIUzUxMiJ9.eyJtZW1iZXJfaWQiOjIxNTIyMywiZXhwIjoxNTkzOTM4MTMxfQ.SXaJI4Oal2ZomocyXgcVSzavpf9NzSWodPyMpWkzvPw6TCw_xTYAyorcVXZe0zlx2D1skXkrUjhvv-CxopRatw"}},"copyright":"Copyright 柠檬班 © 2017-2020 湖南省零檬信息技术有限公司 All Rights Reserved"}
2020-07-05 16:30:31 method: com.lemon.utils.HttpUtils.printResponse(HttpUtils.java:234) - [ INFO ]----200
2020-07-05 16:30:31 method: com.lemon.utils.HttpUtils.printResponse(HttpUtils.java:222) - [ INFO ]----[Server: nginx/1.4.2, Date: Sun, 05 Jul 2020 08:30:32 GMT, Content-Type: application/json;charset=UTF-8, Transfer-Encoding: chunked, Connection: keep-alive]
2020-07-05 16:30:31 method: com.lemon.utils.HttpUtils.printResponse(HttpUtils.java:228) - [ INFO ]----{"code":1007,"msg":"无权限访问，请检查参数","data":null,"copyright":"Copyright 柠檬班 © 2017-2020 湖南省零檬信息技术有限公司 All Rights Reserved"}
2020-07-05 16:30:31 method: com.lemon.utils.HttpUtils.printResponse(HttpUtils.java:234) - [ INFO ]----200
2020-07-05 16:30:32 method: com.lemon.utils.HttpUtils.printResponse(HttpUtils.java:222) - [ INFO ]----[Server: nginx/1.4.2, Date: Sun, 05 Jul 2020 08:30:32 GMT, Content-Type: application/json;charset=UTF-8, Transfer-Encoding: chunked, Connection: keep-alive]
2020-07-05 16:30:32 method: com.lemon.utils.HttpUtils.printResponse(HttpUtils.java:228) - [ INFO ]----{"code":2,"msg":"余额必须大于0并且小于或者等于500000","data":null,"copyright":"Copyright 柠檬班 © 2017-2020 湖南省零檬信息技术有限公司 All Rights Reserved"}
2020-07-05 16:30:32 method: com.lemon.utils.HttpUtils.printResponse(HttpUtils.java:234) - [ INFO ]----200
2020-07-05 16:30:32 method: com.lemon.utils.HttpUtils.printResponse(HttpUtils.java:222) - [ INFO ]----[Server: nginx/1.4.2, Date: Sun, 05 Jul 2020 08:30:32 GMT, Content-Type: application/json;charset=UTF-8, Transfer-Encoding: chunked, Connection: keep-alive]
2020-07-05 16:30:32 method: com.lemon.utils.HttpUtils.printResponse(HttpUtils.java:228) - [ INFO ]----{"code":2,"msg":"余额必须大于0并且小于或者等于500000","data":null,"copyright":"Copyright 柠檬班 © 2017-2020 湖南省零檬信息技术有限公司 All Rights Reserved"}
2020-07-05 16:30:32 method: com.lemon.utils.HttpUtils.printResponse(HttpUtils.java:234) - [ INFO ]----200
2020-07-05 16:30:32 method: com.lemon.utils.HttpUtils.printResponse(HttpUtils.java:222) - [ INFO ]----[Server: nginx/1.4.2, Date: Sun, 05 Jul 2020 08:30:32 GMT, Content-Type: application/json;charset=UTF-8, Transfer-Encoding: chunked, Connection: keep-alive]
2020-07-05 16:30:32 method: com.lemon.utils.HttpUtils.printResponse(HttpUtils.java:228) - [ INFO ]----{"code":2,"msg":"余额必须为数值型","data":null,"copyright":"Copyright 柠檬班 © 2017-2020 湖南省零檬信息技术有限公司 All Rights Reserved"}
2020-07-05 16:30:32 method: com.lemon.utils.HttpUtils.printResponse(HttpUtils.java:234) - [ INFO ]----200
2020-07-05 16:30:32 method: com.lemon.utils.HttpUtils.printResponse(HttpUtils.java:222) - [ INFO ]----[Server: nginx/1.4.2, Date: Sun, 05 Jul 2020 08:30:32 GMT, Content-Type: application/json;charset=UTF-8, Transfer-Encoding: chunked, Connection: keep-alive]
2020-07-05 16:30:32 method: com.lemon.utils.HttpUtils.printResponse(HttpUtils.java:228) - [ INFO ]----{"code":0,"msg":"OK","data":{"id":215223,"leave_amount":297500.0,"mobile_phone":"18774609323","reg_name":"小柠檬","reg_time":"2020-07-02 17:00:50.0","type":0},"copyright":"Copyright 柠檬班 © 2017-2020 湖南省零檬信息技术有限公司 All Rights Reserved"}
2020-07-05 16:30:32 method: com.lemon.utils.HttpUtils.printResponse(HttpUtils.java:234) - [ INFO ]----200
2020-07-05 16:30:33 method: com.lemon.utils.HttpUtils.printResponse(HttpUtils.java:222) - [ INFO ]----[Server: nginx/1.4.2, Date: Sun, 05 Jul 2020 08:30:33 GMT, Content-Type: application/json;charset=UTF-8, Transfer-Encoding: chunked, Connection: keep-alive]
2020-07-05 16:30:33 method: com.lemon.utils.HttpUtils.printResponse(HttpUtils.java:228) - [ INFO ]----{"code":0,"msg":"OK","data":{"id":215223,"leave_amount":301000.0,"mobile_phone":"18774609323","reg_name":"小柠檬","reg_time":"2020-07-02 17:00:50.0","type":0},"copyright":"Copyright 柠檬班 © 2017-2020 湖南省零檬信息技术有限公司 All Rights Reserved"}
2020-07-05 16:30:33 method: com.lemon.utils.HttpUtils.printResponse(HttpUtils.java:234) - [ INFO ]----200
2020-07-05 16:30:34 method: com.lemon.utils.HttpUtils.printResponse(HttpUtils.java:222) - [ INFO ]----[Server: nginx/1.4.2, Date: Sun, 05 Jul 2020 08:30:34 GMT, Content-Type: application/json;charset=UTF-8, Transfer-Encoding: chunked, Connection: keep-alive]
2020-07-05 16:30:34 method: com.lemon.utils.HttpUtils.printResponse(HttpUtils.java:228) - [ INFO ]----{"code":0,"msg":"OK","data":{"id":1301818,"member_id":215223,"title":"报名 Java 全栈自动化课程","amount":6300.0,"loan_rate":12.0,"loan_term":12,"loan_date_type":1,"bidding_days":5,"create_time":"2020-07-05 16:30:34.0","bidding_start_time":null,"full_time":null,"status":1},"copyright":"Copyright 柠檬班 © 2017-2020 湖南省零檬信息技术有限公司 All Rights Reserved"}
2020-07-05 16:30:34 method: com.lemon.utils.HttpUtils.printResponse(HttpUtils.java:234) - [ INFO ]----200
2020-07-05 16:30:34 method: com.lemon.utils.HttpUtils.printResponse(HttpUtils.java:222) - [ INFO ]----[Server: nginx/1.4.2, Date: Sun, 05 Jul 2020 08:30:34 GMT, Content-Type: application/json;charset=UTF-8, Transfer-Encoding: chunked, Connection: keep-alive]
2020-07-05 16:30:34 method: com.lemon.utils.HttpUtils.printResponse(HttpUtils.java:228) - [ INFO ]----{"code":0,"msg":"OK","data":{"id":215199,"leave_amount":-263200.0,"mobile_phone":"18774609321","reg_name":"小柠檬","reg_time":"2020-07-02 16:38:14.0","type":0,"token_info":{"token_type":"Bearer","expires_in":"2020-07-05 16:35:34","token":"eyJhbGciOiJIUzUxMiJ9.eyJtZW1iZXJfaWQiOjIxNTE5OSwiZXhwIjoxNTkzOTM4MTM0fQ.wG3J3WX16921menyN5-XMf_xqslbuEY0tI0hNJ_aZiHcyRFuG3PaLSj1UnhRLOBoOSP571Hiq0X9o3m9vL872w"}},"copyright":"Copyright 柠檬班 © 2017-2020 湖南省零檬信息技术有限公司 All Rights Reserved"}
2020-07-05 16:30:34 method: com.lemon.utils.HttpUtils.printResponse(HttpUtils.java:234) - [ INFO ]----200
2020-07-05 16:30:34 method: com.lemon.utils.HttpUtils.printResponse(HttpUtils.java:222) - [ INFO ]----[Server: nginx/1.4.2, Date: Sun, 05 Jul 2020 08:30:34 GMT, Content-Type: application/json;charset=UTF-8, Transfer-Encoding: chunked, Connection: keep-alive]
2020-07-05 16:30:34 method: com.lemon.utils.HttpUtils.printResponse(HttpUtils.java:228) - [ INFO ]----{"code":0,"msg":"OK","data":null,"copyright":"Copyright 柠檬班 © 2017-2020 湖南省零檬信息技术有限公司 All Rights Reserved"}
2020-07-05 16:30:34 method: com.lemon.utils.HttpUtils.printResponse(HttpUtils.java:234) - [ INFO ]----200
2020-07-05 16:30:34 method: com.lemon.utils.HttpUtils.printResponse(HttpUtils.java:222) - [ INFO ]----[Server: nginx/1.4.2, Date: Sun, 05 Jul 2020 08:30:34 GMT, Content-Type: application/json;charset=UTF-8, Transfer-Encoding: chunked, Connection: keep-alive]
2020-07-05 16:30:34 method: com.lemon.utils.HttpUtils.printResponse(HttpUtils.java:228) - [ INFO ]----{"code":0,"msg":"OK","data":{"id":6494,"member_id":215199,"loan_id":1301818,"amount":6300.0,"create_time":"2020-07-05 16:30:34","is_valid":1},"copyright":"Copyright 柠檬班 © 2017-2020 湖南省零檬信息技术有限公司 All Rights Reserved"}
2020-07-05 16:30:34 method: com.lemon.utils.HttpUtils.printResponse(HttpUtils.java:234) - [ INFO ]----200
2020-07-05 16:43:15 method: com.lemon.cases.BaseCase.init(BaseCase.java:44) - [ INFO ]----===============init================================
2020-07-05 16:43:15 method: com.lemon.cases.BaseCase.init(BaseCase.java:56) - [ INFO ]----AuthenticationUtils.VARS=================={${amount}=3500, ${register_mb}=18774609323, ${login_pwd}=123123123, ${register_pwd}=12345678, ${login_mb}=13212312312}
2020-07-05 16:43:16 method: com.lemon.utils.HttpUtils.printResponse(HttpUtils.java:222) - [ INFO ]----[Server: nginx/1.4.2, Date: Sun, 05 Jul 2020 08:43:17 GMT, Content-Type: application/json;charset=UTF-8, Transfer-Encoding: chunked, Connection: keep-alive]
2020-07-05 16:43:16 method: com.lemon.utils.HttpUtils.printResponse(HttpUtils.java:228) - [ INFO ]----{"code":1,"msg":"密码为空","data":null,"copyright":"Copyright 柠檬班 © 2017-2020 湖南省零檬信息技术有限公司 All Rights Reserved"}
2020-07-05 16:43:16 method: com.lemon.utils.HttpUtils.printResponse(HttpUtils.java:234) - [ INFO ]----200
2020-07-05 16:43:17 method: com.lemon.utils.HttpUtils.printResponse(HttpUtils.java:222) - [ INFO ]----[Server: nginx/1.4.2, Date: Sun, 05 Jul 2020 08:43:17 GMT, Content-Type: application/json;charset=UTF-8, Transfer-Encoding: chunked, Connection: keep-alive]
2020-07-05 16:43:17 method: com.lemon.utils.HttpUtils.printResponse(HttpUtils.java:228) - [ INFO ]----{"code":1,"msg":"手机号为空","data":null,"copyright":"Copyright 柠檬班 © 2017-2020 湖南省零檬信息技术有限公司 All Rights Reserved"}
2020-07-05 16:43:17 method: com.lemon.utils.HttpUtils.printResponse(HttpUtils.java:234) - [ INFO ]----200
2020-07-05 16:43:17 method: com.lemon.utils.HttpUtils.printResponse(HttpUtils.java:222) - [ INFO ]----[Server: nginx/1.4.2, Date: Sun, 05 Jul 2020 08:43:17 GMT, Content-Type: application/json;charset=UTF-8, Transfer-Encoding: chunked, Connection: keep-alive]
2020-07-05 16:43:17 method: com.lemon.utils.HttpUtils.printResponse(HttpUtils.java:228) - [ INFO ]----{"code":2,"msg":"无效的手机格式","data":null,"copyright":"Copyright 柠檬班 © 2017-2020 湖南省零檬信息技术有限公司 All Rights Reserved"}
2020-07-05 16:43:17 method: com.lemon.utils.HttpUtils.printResponse(HttpUtils.java:234) - [ INFO ]----200
2020-07-05 16:43:17 method: com.lemon.utils.HttpUtils.printResponse(HttpUtils.java:222) - [ INFO ]----[Server: nginx/1.4.2, Date: Sun, 05 Jul 2020 08:43:17 GMT, Content-Type: application/json;charset=UTF-8, Transfer-Encoding: chunked, Connection: keep-alive]
2020-07-05 16:43:17 method: com.lemon.utils.HttpUtils.printResponse(HttpUtils.java:228) - [ INFO ]----{"code":2,"msg":"密码格式为8到16位","data":null,"copyright":"Copyright 柠檬班 © 2017-2020 湖南省零檬信息技术有限公司 All Rights Reserved"}
2020-07-05 16:43:17 method: com.lemon.utils.HttpUtils.printResponse(HttpUtils.java:234) - [ INFO ]----200
2020-07-05 16:43:18 method: com.lemon.utils.HttpUtils.printResponse(HttpUtils.java:222) - [ INFO ]----[Server: nginx/1.4.2, Date: Sun, 05 Jul 2020 08:43:18 GMT, Content-Type: application/json;charset=UTF-8, Transfer-Encoding: chunked, Connection: keep-alive]
2020-07-05 16:43:18 method: com.lemon.utils.HttpUtils.printResponse(HttpUtils.java:228) - [ INFO ]----{"code":2,"msg":"账号已存在","data":null,"copyright":"Copyright 柠檬班 © 2017-2020 湖南省零檬信息技术有限公司 All Rights Reserved"}
2020-07-05 16:43:18 method: com.lemon.utils.HttpUtils.printResponse(HttpUtils.java:234) - [ INFO ]----200
2020-07-05 16:43:18 method: com.lemon.utils.HttpUtils.printResponse(HttpUtils.java:222) - [ INFO ]----[Server: nginx/1.4.2, Date: Sun, 05 Jul 2020 08:43:18 GMT, Content-Type: application/json;charset=UTF-8, Transfer-Encoding: chunked, Connection: keep-alive]
2020-07-05 16:43:18 method: com.lemon.utils.HttpUtils.printResponse(HttpUtils.java:228) - [ INFO ]----{"code":2,"msg":"账号已存在","data":null,"copyright":"Copyright 柠檬班 © 2017-2020 湖南省零檬信息技术有限公司 All Rights Reserved"}
2020-07-05 16:43:18 method: com.lemon.utils.HttpUtils.printResponse(HttpUtils.java:234) - [ INFO ]----200
2020-07-05 16:43:18 method: com.lemon.utils.HttpUtils.printResponse(HttpUtils.java:222) - [ INFO ]----[Server: nginx/1.4.2, Date: Sun, 05 Jul 2020 08:43:19 GMT, Content-Type: application/json;charset=UTF-8, Transfer-Encoding: chunked, Connection: keep-alive]
2020-07-05 16:43:18 method: com.lemon.utils.HttpUtils.printResponse(HttpUtils.java:228) - [ INFO ]----{"code":1,"msg":"密码为空","data":null,"copyright":"Copyright 柠檬班 © 2017-2020 湖南省零檬信息技术有限公司 All Rights Reserved"}
2020-07-05 16:43:18 method: com.lemon.utils.HttpUtils.printResponse(HttpUtils.java:234) - [ INFO ]----200
2020-07-05 16:43:18 method: com.lemon.utils.HttpUtils.printResponse(HttpUtils.java:222) - [ INFO ]----[Server: nginx/1.4.2, Date: Sun, 05 Jul 2020 08:43:19 GMT, Content-Type: application/json;charset=UTF-8, Transfer-Encoding: chunked, Connection: keep-alive]
2020-07-05 16:43:18 method: com.lemon.utils.HttpUtils.printResponse(HttpUtils.java:228) - [ INFO ]----{"code":1,"msg":"手机号码为空","data":null,"copyright":"Copyright 柠檬班 © 2017-2020 湖南省零檬信息技术有限公司 All Rights Reserved"}
2020-07-05 16:43:18 method: com.lemon.utils.HttpUtils.printResponse(HttpUtils.java:234) - [ INFO ]----200
2020-07-05 16:43:19 method: com.lemon.utils.HttpUtils.printResponse(HttpUtils.java:222) - [ INFO ]----[Server: nginx/1.4.2, Date: Sun, 05 Jul 2020 08:43:19 GMT, Content-Type: application/json;charset=UTF-8, Transfer-Encoding: chunked, Connection: keep-alive]
2020-07-05 16:43:19 method: com.lemon.utils.HttpUtils.printResponse(HttpUtils.java:228) - [ INFO ]----{"code":2,"msg":"无效的手机格式","data":null,"copyright":"Copyright 柠檬班 © 2017-2020 湖南省零檬信息技术有限公司 All Rights Reserved"}
2020-07-05 16:43:19 method: com.lemon.utils.HttpUtils.printResponse(HttpUtils.java:234) - [ INFO ]----200
2020-07-05 16:43:19 method: com.lemon.utils.HttpUtils.printResponse(HttpUtils.java:222) - [ INFO ]----[Server: nginx/1.4.2, Date: Sun, 05 Jul 2020 08:43:19 GMT, Content-Type: application/json;charset=UTF-8, Transfer-Encoding: chunked, Connection: keep-alive]
2020-07-05 16:43:19 method: com.lemon.utils.HttpUtils.printResponse(HttpUtils.java:228) - [ INFO ]----{"code":1,"msg":"手机号码为空","data":null,"copyright":"Copyright 柠檬班 © 2017-2020 湖南省零檬信息技术有限公司 All Rights Reserved"}
2020-07-05 16:43:19 method: com.lemon.utils.HttpUtils.printResponse(HttpUtils.java:234) - [ INFO ]----200
2020-07-05 16:43:19 method: com.lemon.utils.HttpUtils.printResponse(HttpUtils.java:222) - [ INFO ]----[Server: nginx/1.4.2, Date: Sun, 05 Jul 2020 08:43:19 GMT, Content-Type: application/json;charset=UTF-8, Transfer-Encoding: chunked, Connection: keep-alive]
2020-07-05 16:43:19 method: com.lemon.utils.HttpUtils.printResponse(HttpUtils.java:228) - [ INFO ]----{"code":0,"msg":"OK","data":{"id":215223,"leave_amount":301000.0,"mobile_phone":"18774609323","reg_name":"小柠檬","reg_time":"2020-07-02 17:00:50.0","type":0,"token_info":{"token_type":"Bearer","expires_in":"2020-07-05 16:48:19","token":"eyJhbGciOiJIUzUxMiJ9.eyJtZW1iZXJfaWQiOjIxNTIyMywiZXhwIjoxNTkzOTM4ODk5fQ.RZIhN2Zg2hA71KOMypKFK-A1UNEIasFUW0tgbvPyzDLlR93qUQgX4WIpe1s-ZA97Yxth6v_R9bQ3UgMi8ghZbg"}},"copyright":"Copyright 柠檬班 © 2017-2020 湖南省零檬信息技术有限公司 All Rights Reserved"}
2020-07-05 16:43:19 method: com.lemon.utils.HttpUtils.printResponse(HttpUtils.java:234) - [ INFO ]----200
2020-07-05 16:43:19 method: com.lemon.utils.HttpUtils.printResponse(HttpUtils.java:222) - [ INFO ]----[Server: nginx/1.4.2, Date: Sun, 05 Jul 2020 08:43:19 GMT, Content-Type: application/json;charset=UTF-8, Transfer-Encoding: chunked, Connection: keep-alive]
2020-07-05 16:43:19 method: com.lemon.utils.HttpUtils.printResponse(HttpUtils.java:228) - [ INFO ]----{"code":0,"msg":"OK","data":{"id":215223,"leave_amount":301000.0,"mobile_phone":"18774609323","reg_name":"小柠檬","reg_time":"2020-07-02 17:00:50.0","type":0,"token_info":{"token_type":"Bearer","expires_in":"2020-07-05 16:48:19","token":"eyJhbGciOiJIUzUxMiJ9.eyJtZW1iZXJfaWQiOjIxNTIyMywiZXhwIjoxNTkzOTM4ODk5fQ.RZIhN2Zg2hA71KOMypKFK-A1UNEIasFUW0tgbvPyzDLlR93qUQgX4WIpe1s-ZA97Yxth6v_R9bQ3UgMi8ghZbg"}},"copyright":"Copyright 柠檬班 © 2017-2020 湖南省零檬信息技术有限公司 All Rights Reserved"}
2020-07-05 16:43:19 method: com.lemon.utils.HttpUtils.printResponse(HttpUtils.java:234) - [ INFO ]----200
2020-07-05 16:43:19 method: com.lemon.utils.HttpUtils.printResponse(HttpUtils.java:222) - [ INFO ]----[Server: nginx/1.4.2, Date: Sun, 05 Jul 2020 08:43:19 GMT, Content-Type: application/json;charset=UTF-8, Transfer-Encoding: chunked, Connection: keep-alive]
2020-07-05 16:43:19 method: com.lemon.utils.HttpUtils.printResponse(HttpUtils.java:228) - [ INFO ]----{"code":1007,"msg":"无权限访问，请检查参数","data":null,"copyright":"Copyright 柠檬班 © 2017-2020 湖南省零檬信息技术有限公司 All Rights Reserved"}
2020-07-05 16:43:19 method: com.lemon.utils.HttpUtils.printResponse(HttpUtils.java:234) - [ INFO ]----200
2020-07-05 16:43:19 method: com.lemon.utils.HttpUtils.printResponse(HttpUtils.java:222) - [ INFO ]----[Server: nginx/1.4.2, Date: Sun, 05 Jul 2020 08:43:19 GMT, Content-Type: application/json;charset=UTF-8, Transfer-Encoding: chunked, Connection: keep-alive]
2020-07-05 16:43:19 method: com.lemon.utils.HttpUtils.printResponse(HttpUtils.java:228) - [ INFO ]----{"code":2,"msg":"余额必须大于0并且小于或者等于500000","data":null,"copyright":"Copyright 柠檬班 © 2017-2020 湖南省零檬信息技术有限公司 All Rights Reserved"}
2020-07-05 16:43:19 method: com.lemon.utils.HttpUtils.printResponse(HttpUtils.java:234) - [ INFO ]----200
2020-07-05 16:43:19 method: com.lemon.utils.HttpUtils.printResponse(HttpUtils.java:222) - [ INFO ]----[Server: nginx/1.4.2, Date: Sun, 05 Jul 2020 08:43:19 GMT, Content-Type: application/json;charset=UTF-8, Transfer-Encoding: chunked, Connection: keep-alive]
2020-07-05 16:43:19 method: com.lemon.utils.HttpUtils.printResponse(HttpUtils.java:228) - [ INFO ]----{"code":2,"msg":"余额必须大于0并且小于或者等于500000","data":null,"copyright":"Copyright 柠檬班 © 2017-2020 湖南省零檬信息技术有限公司 All Rights Reserved"}
2020-07-05 16:43:19 method: com.lemon.utils.HttpUtils.printResponse(HttpUtils.java:234) - [ INFO ]----200
2020-07-05 16:43:19 method: com.lemon.utils.HttpUtils.printResponse(HttpUtils.java:222) - [ INFO ]----[Server: nginx/1.4.2, Date: Sun, 05 Jul 2020 08:43:20 GMT, Content-Type: application/json;charset=UTF-8, Transfer-Encoding: chunked, Connection: keep-alive]
2020-07-05 16:43:19 method: com.lemon.utils.HttpUtils.printResponse(HttpUtils.java:228) - [ INFO ]----{"code":2,"msg":"余额必须为数值型","data":null,"copyright":"Copyright 柠檬班 © 2017-2020 湖南省零檬信息技术有限公司 All Rights Reserved"}
2020-07-05 16:43:19 method: com.lemon.utils.HttpUtils.printResponse(HttpUtils.java:234) - [ INFO ]----200
2020-07-05 16:43:20 method: com.lemon.utils.HttpUtils.printResponse(HttpUtils.java:222) - [ INFO ]----[Server: nginx/1.4.2, Date: Sun, 05 Jul 2020 08:43:20 GMT, Content-Type: application/json;charset=UTF-8, Transfer-Encoding: chunked, Connection: keep-alive]
2020-07-05 16:43:20 method: com.lemon.utils.HttpUtils.printResponse(HttpUtils.java:228) - [ INFO ]----{"code":0,"msg":"OK","data":{"id":215223,"leave_amount":304500.0,"mobile_phone":"18774609323","reg_name":"小柠檬","reg_time":"2020-07-02 17:00:50.0","type":0},"copyright":"Copyright 柠檬班 © 2017-2020 湖南省零檬信息技术有限公司 All Rights Reserved"}
2020-07-05 16:43:20 method: com.lemon.utils.HttpUtils.printResponse(HttpUtils.java:234) - [ INFO ]----200
2020-07-05 16:43:21 method: com.lemon.utils.HttpUtils.printResponse(HttpUtils.java:222) - [ INFO ]----[Server: nginx/1.4.2, Date: Sun, 05 Jul 2020 08:43:21 GMT, Content-Type: application/json;charset=UTF-8, Transfer-Encoding: chunked, Connection: keep-alive]
2020-07-05 16:43:21 method: com.lemon.utils.HttpUtils.printResponse(HttpUtils.java:228) - [ INFO ]----{"code":0,"msg":"OK","data":{"id":215223,"leave_amount":308000.0,"mobile_phone":"18774609323","reg_name":"小柠檬","reg_time":"2020-07-02 17:00:50.0","type":0},"copyright":"Copyright 柠檬班 © 2017-2020 湖南省零檬信息技术有限公司 All Rights Reserved"}
2020-07-05 16:43:21 method: com.lemon.utils.HttpUtils.printResponse(HttpUtils.java:234) - [ INFO ]----200
2020-07-05 16:43:21 method: com.lemon.utils.HttpUtils.printResponse(HttpUtils.java:222) - [ INFO ]----[Server: nginx/1.4.2, Date: Sun, 05 Jul 2020 08:43:22 GMT, Content-Type: application/json;charset=UTF-8, Transfer-Encoding: chunked, Connection: keep-alive]
2020-07-05 16:43:21 method: com.lemon.utils.HttpUtils.printResponse(HttpUtils.java:228) - [ INFO ]----{"code":0,"msg":"OK","data":{"id":1301834,"member_id":215223,"title":"报名 Java 全栈自动化课程","amount":6300.0,"loan_rate":12.0,"loan_term":12,"loan_date_type":1,"bidding_days":5,"create_time":"2020-07-05 16:43:22.0","bidding_start_time":null,"full_time":null,"status":1},"copyright":"Copyright 柠檬班 © 2017-2020 湖南省零檬信息技术有限公司 All Rights Reserved"}
2020-07-05 16:43:21 method: com.lemon.utils.HttpUtils.printResponse(HttpUtils.java:234) - [ INFO ]----200
2020-07-05 16:43:22 method: com.lemon.utils.HttpUtils.printResponse(HttpUtils.java:222) - [ INFO ]----[Server: nginx/1.4.2, Date: Sun, 05 Jul 2020 08:43:22 GMT, Content-Type: application/json;charset=UTF-8, Transfer-Encoding: chunked, Connection: keep-alive]
2020-07-05 16:43:22 method: com.lemon.utils.HttpUtils.printResponse(HttpUtils.java:228) - [ INFO ]----{"code":0,"msg":"OK","data":{"id":215199,"leave_amount":-269500.0,"mobile_phone":"18774609321","reg_name":"小柠檬","reg_time":"2020-07-02 16:38:14.0","type":0,"token_info":{"token_type":"Bearer","expires_in":"2020-07-05 16:48:22","token":"eyJhbGciOiJIUzUxMiJ9.eyJtZW1iZXJfaWQiOjIxNTE5OSwiZXhwIjoxNTkzOTM4OTAyfQ.dtnEtuOYYz2gYKu-YUdcp-Z8wnNu7YXyMI530NYx6OGOnYNmw8R8M7VxEdh72phAsdC5YIZuGSUvfmMhS0p2qA"}},"copyright":"Copyright 柠檬班 © 2017-2020 湖南省零檬信息技术有限公司 All Rights Reserved"}
2020-07-05 16:43:22 method: com.lemon.utils.HttpUtils.printResponse(HttpUtils.java:234) - [ INFO ]----200
2020-07-05 16:43:22 method: com.lemon.utils.HttpUtils.printResponse(HttpUtils.java:222) - [ INFO ]----[Server: nginx/1.4.2, Date: Sun, 05 Jul 2020 08:43:22 GMT, Content-Type: application/json;charset=UTF-8, Transfer-Encoding: chunked, Connection: keep-alive]
2020-07-05 16:43:22 method: com.lemon.utils.HttpUtils.printResponse(HttpUtils.java:228) - [ INFO ]----{"code":0,"msg":"OK","data":null,"copyright":"Copyright 柠檬班 © 2017-2020 湖南省零檬信息技术有限公司 All Rights Reserved"}
2020-07-05 16:43:22 method: com.lemon.utils.HttpUtils.printResponse(HttpUtils.java:234) - [ INFO ]----200
2020-07-05 16:43:22 method: com.lemon.utils.HttpUtils.printResponse(HttpUtils.java:222) - [ INFO ]----[Server: nginx/1.4.2, Date: Sun, 05 Jul 2020 08:43:22 GMT, Content-Type: application/json;charset=UTF-8, Transfer-Encoding: chunked, Connection: keep-alive]
2020-07-05 16:43:22 method: com.lemon.utils.HttpUtils.printResponse(HttpUtils.java:228) - [ INFO ]----{"code":0,"msg":"OK","data":{"id":6495,"member_id":215199,"loan_id":1301834,"amount":6300.0,"create_time":"2020-07-05 16:43:22","is_valid":1},"copyright":"Copyright 柠檬班 © 2017-2020 湖南省零檬信息技术有限公司 All Rights Reserved"}
2020-07-05 16:43:22 method: com.lemon.utils.HttpUtils.printResponse(HttpUtils.java:234) - [ INFO ]----200
2020-07-05 16:46:26 method: com.lemon.cases.BaseCase.init(BaseCase.java:44) - [ INFO ]----===============init================================
2020-07-05 16:46:26 method: com.lemon.cases.BaseCase.init(BaseCase.java:56) - [ INFO ]----AuthenticationUtils.VARS=================={${amount}=3500, ${register_mb}=18774609323, ${login_pwd}=123123123, ${register_pwd}=12345678, ${login_mb}=13212312312}
2020-07-05 16:46:27 method: com.lemon.utils.HttpUtils.printResponse(HttpUtils.java:222) - [ INFO ]----[Server: nginx/1.4.2, Date: Sun, 05 Jul 2020 08:46:27 GMT, Content-Type: application/json;charset=UTF-8, Transfer-Encoding: chunked, Connection: keep-alive]
2020-07-05 16:46:27 method: com.lemon.utils.HttpUtils.printResponse(HttpUtils.java:228) - [ INFO ]----{"code":1,"msg":"密码为空","data":null,"copyright":"Copyright 柠檬班 © 2017-2020 湖南省零檬信息技术有限公司 All Rights Reserved"}
2020-07-05 16:46:27 method: com.lemon.utils.HttpUtils.printResponse(HttpUtils.java:234) - [ INFO ]----200
2020-07-05 16:46:27 method: com.lemon.utils.HttpUtils.printResponse(HttpUtils.java:222) - [ INFO ]----[Server: nginx/1.4.2, Date: Sun, 05 Jul 2020 08:46:27 GMT, Content-Type: application/json;charset=UTF-8, Transfer-Encoding: chunked, Connection: keep-alive]
2020-07-05 16:46:27 method: com.lemon.utils.HttpUtils.printResponse(HttpUtils.java:228) - [ INFO ]----{"code":1,"msg":"手机号为空","data":null,"copyright":"Copyright 柠檬班 © 2017-2020 湖南省零檬信息技术有限公司 All Rights Reserved"}
2020-07-05 16:46:27 method: com.lemon.utils.HttpUtils.printResponse(HttpUtils.java:234) - [ INFO ]----200
2020-07-05 16:46:27 method: com.lemon.utils.HttpUtils.printResponse(HttpUtils.java:222) - [ INFO ]----[Server: nginx/1.4.2, Date: Sun, 05 Jul 2020 08:46:27 GMT, Content-Type: application/json;charset=UTF-8, Transfer-Encoding: chunked, Connection: keep-alive]
2020-07-05 16:46:27 method: com.lemon.utils.HttpUtils.printResponse(HttpUtils.java:228) - [ INFO ]----{"code":2,"msg":"无效的手机格式","data":null,"copyright":"Copyright 柠檬班 © 2017-2020 湖南省零檬信息技术有限公司 All Rights Reserved"}
2020-07-05 16:46:27 method: com.lemon.utils.HttpUtils.printResponse(HttpUtils.java:234) - [ INFO ]----200
2020-07-05 16:46:27 method: com.lemon.utils.HttpUtils.printResponse(HttpUtils.java:222) - [ INFO ]----[Server: nginx/1.4.2, Date: Sun, 05 Jul 2020 08:46:28 GMT, Content-Type: application/json;charset=UTF-8, Transfer-Encoding: chunked, Connection: keep-alive]
2020-07-05 16:46:27 method: com.lemon.utils.HttpUtils.printResponse(HttpUtils.java:228) - [ INFO ]----{"code":2,"msg":"密码格式为8到16位","data":null,"copyright":"Copyright 柠檬班 © 2017-2020 湖南省零檬信息技术有限公司 All Rights Reserved"}
2020-07-05 16:46:27 method: com.lemon.utils.HttpUtils.printResponse(HttpUtils.java:234) - [ INFO ]----200
2020-07-05 16:46:28 method: com.lemon.utils.HttpUtils.printResponse(HttpUtils.java:222) - [ INFO ]----[Server: nginx/1.4.2, Date: Sun, 05 Jul 2020 08:46:28 GMT, Content-Type: application/json;charset=UTF-8, Transfer-Encoding: chunked, Connection: keep-alive]
2020-07-05 16:46:28 method: com.lemon.utils.HttpUtils.printResponse(HttpUtils.java:228) - [ INFO ]----{"code":2,"msg":"账号已存在","data":null,"copyright":"Copyright 柠檬班 © 2017-2020 湖南省零檬信息技术有限公司 All Rights Reserved"}
2020-07-05 16:46:28 method: com.lemon.utils.HttpUtils.printResponse(HttpUtils.java:234) - [ INFO ]----200
2020-07-05 16:46:29 method: com.lemon.utils.HttpUtils.printResponse(HttpUtils.java:222) - [ INFO ]----[Server: nginx/1.4.2, Date: Sun, 05 Jul 2020 08:46:29 GMT, Content-Type: application/json;charset=UTF-8, Transfer-Encoding: chunked, Connection: keep-alive]
2020-07-05 16:46:29 method: com.lemon.utils.HttpUtils.printResponse(HttpUtils.java:228) - [ INFO ]----{"code":2,"msg":"账号已存在","data":null,"copyright":"Copyright 柠檬班 © 2017-2020 湖南省零檬信息技术有限公司 All Rights Reserved"}
2020-07-05 16:46:29 method: com.lemon.utils.HttpUtils.printResponse(HttpUtils.java:234) - [ INFO ]----200
2020-07-05 16:46:29 method: com.lemon.utils.HttpUtils.printResponse(HttpUtils.java:222) - [ INFO ]----[Server: nginx/1.4.2, Date: Sun, 05 Jul 2020 08:46:29 GMT, Content-Type: application/json;charset=UTF-8, Transfer-Encoding: chunked, Connection: keep-alive]
2020-07-05 16:46:29 method: com.lemon.utils.HttpUtils.printResponse(HttpUtils.java:228) - [ INFO ]----{"code":1,"msg":"密码为空","data":null,"copyright":"Copyright 柠檬班 © 2017-2020 湖南省零檬信息技术有限公司 All Rights Reserved"}
2020-07-05 16:46:29 method: com.lemon.utils.HttpUtils.printResponse(HttpUtils.java:234) - [ INFO ]----200
2020-07-05 16:46:29 method: com.lemon.utils.HttpUtils.printResponse(HttpUtils.java:222) - [ INFO ]----[Server: nginx/1.4.2, Date: Sun, 05 Jul 2020 08:46:29 GMT, Content-Type: application/json;charset=UTF-8, Transfer-Encoding: chunked, Connection: keep-alive]
2020-07-05 16:46:29 method: com.lemon.utils.HttpUtils.printResponse(HttpUtils.java:228) - [ INFO ]----{"code":1,"msg":"手机号码为空","data":null,"copyright":"Copyright 柠檬班 © 2017-2020 湖南省零檬信息技术有限公司 All Rights Reserved"}
2020-07-05 16:46:29 method: com.lemon.utils.HttpUtils.printResponse(HttpUtils.java:234) - [ INFO ]----200
2020-07-05 16:46:29 method: com.lemon.utils.HttpUtils.printResponse(HttpUtils.java:222) - [ INFO ]----[Server: nginx/1.4.2, Date: Sun, 05 Jul 2020 08:46:29 GMT, Content-Type: application/json;charset=UTF-8, Transfer-Encoding: chunked, Connection: keep-alive]
2020-07-05 16:46:29 method: com.lemon.utils.HttpUtils.printResponse(HttpUtils.java:228) - [ INFO ]----{"code":2,"msg":"无效的手机格式","data":null,"copyright":"Copyright 柠檬班 © 2017-2020 湖南省零檬信息技术有限公司 All Rights Reserved"}
2020-07-05 16:46:29 method: com.lemon.utils.HttpUtils.printResponse(HttpUtils.java:234) - [ INFO ]----200
2020-07-05 16:46:29 method: com.lemon.utils.HttpUtils.printResponse(HttpUtils.java:222) - [ INFO ]----[Server: nginx/1.4.2, Date: Sun, 05 Jul 2020 08:46:29 GMT, Content-Type: application/json;charset=UTF-8, Transfer-Encoding: chunked, Connection: keep-alive]
2020-07-05 16:46:29 method: com.lemon.utils.HttpUtils.printResponse(HttpUtils.java:228) - [ INFO ]----{"code":1,"msg":"手机号码为空","data":null,"copyright":"Copyright 柠檬班 © 2017-2020 湖南省零檬信息技术有限公司 All Rights Reserved"}
2020-07-05 16:46:29 method: com.lemon.utils.HttpUtils.printResponse(HttpUtils.java:234) - [ INFO ]----200
2020-07-05 16:46:29 method: com.lemon.utils.HttpUtils.printResponse(HttpUtils.java:222) - [ INFO ]----[Server: nginx/1.4.2, Date: Sun, 05 Jul 2020 08:46:30 GMT, Content-Type: application/json;charset=UTF-8, Transfer-Encoding: chunked, Connection: keep-alive]
2020-07-05 16:46:29 method: com.lemon.utils.HttpUtils.printResponse(HttpUtils.java:228) - [ INFO ]----{"code":0,"msg":"OK","data":{"id":215223,"leave_amount":308000.0,"mobile_phone":"18774609323","reg_name":"小柠檬","reg_time":"2020-07-02 17:00:50.0","type":0,"token_info":{"token_type":"Bearer","expires_in":"2020-07-05 16:51:30","token":"eyJhbGciOiJIUzUxMiJ9.eyJtZW1iZXJfaWQiOjIxNTIyMywiZXhwIjoxNTkzOTM5MDkwfQ.UMD7L2cnHNsYDp7M0hKqWgypdfG4hHajmq9b3zpjael5FagWCZZk06cfoTEHzbG996l276LGRQaTN3ORtjqD8Q"}},"copyright":"Copyright 柠檬班 © 2017-2020 湖南省零檬信息技术有限公司 All Rights Reserved"}
2020-07-05 16:46:29 method: com.lemon.utils.HttpUtils.printResponse(HttpUtils.java:234) - [ INFO ]----200
2020-07-05 16:46:29 method: com.lemon.utils.HttpUtils.printResponse(HttpUtils.java:222) - [ INFO ]----[Server: nginx/1.4.2, Date: Sun, 05 Jul 2020 08:46:30 GMT, Content-Type: application/json;charset=UTF-8, Transfer-Encoding: chunked, Connection: keep-alive]
2020-07-05 16:46:29 method: com.lemon.utils.HttpUtils.printResponse(HttpUtils.java:228) - [ INFO ]----{"code":0,"msg":"OK","data":{"id":215223,"leave_amount":308000.0,"mobile_phone":"18774609323","reg_name":"小柠檬","reg_time":"2020-07-02 17:00:50.0","type":0,"token_info":{"token_type":"Bearer","expires_in":"2020-07-05 16:51:30","token":"eyJhbGciOiJIUzUxMiJ9.eyJtZW1iZXJfaWQiOjIxNTIyMywiZXhwIjoxNTkzOTM5MDkwfQ.UMD7L2cnHNsYDp7M0hKqWgypdfG4hHajmq9b3zpjael5FagWCZZk06cfoTEHzbG996l276LGRQaTN3ORtjqD8Q"}},"copyright":"Copyright 柠檬班 © 2017-2020 湖南省零檬信息技术有限公司 All Rights Reserved"}
2020-07-05 16:46:29 method: com.lemon.utils.HttpUtils.printResponse(HttpUtils.java:234) - [ INFO ]----200
2020-07-05 16:46:30 method: com.lemon.utils.HttpUtils.printResponse(HttpUtils.java:222) - [ INFO ]----[Server: nginx/1.4.2, Date: Sun, 05 Jul 2020 08:46:30 GMT, Content-Type: application/json;charset=UTF-8, Transfer-Encoding: chunked, Connection: keep-alive]
2020-07-05 16:46:30 method: com.lemon.utils.HttpUtils.printResponse(HttpUtils.java:228) - [ INFO ]----{"code":1007,"msg":"无权限访问，请检查参数","data":null,"copyright":"Copyright 柠檬班 © 2017-2020 湖南省零檬信息技术有限公司 All Rights Reserved"}
2020-07-05 16:46:30 method: com.lemon.utils.HttpUtils.printResponse(HttpUtils.java:234) - [ INFO ]----200
2020-07-05 16:46:30 method: com.lemon.utils.HttpUtils.printResponse(HttpUtils.java:222) - [ INFO ]----[Server: nginx/1.4.2, Date: Sun, 05 Jul 2020 08:46:30 GMT, Content-Type: application/json;charset=UTF-8, Transfer-Encoding: chunked, Connection: keep-alive]
2020-07-05 16:46:30 method: com.lemon.utils.HttpUtils.printResponse(HttpUtils.java:228) - [ INFO ]----{"code":2,"msg":"余额必须大于0并且小于或者等于500000","data":null,"copyright":"Copyright 柠檬班 © 2017-2020 湖南省零檬信息技术有限公司 All Rights Reserved"}
2020-07-05 16:46:30 method: com.lemon.utils.HttpUtils.printResponse(HttpUtils.java:234) - [ INFO ]----200
2020-07-05 16:46:30 method: com.lemon.utils.HttpUtils.printResponse(HttpUtils.java:222) - [ INFO ]----[Server: nginx/1.4.2, Date: Sun, 05 Jul 2020 08:46:30 GMT, Content-Type: application/json;charset=UTF-8, Transfer-Encoding: chunked, Connection: keep-alive]
2020-07-05 16:46:30 method: com.lemon.utils.HttpUtils.printResponse(HttpUtils.java:228) - [ INFO ]----{"code":2,"msg":"余额必须大于0并且小于或者等于500000","data":null,"copyright":"Copyright 柠檬班 © 2017-2020 湖南省零檬信息技术有限公司 All Rights Reserved"}
2020-07-05 16:46:30 method: com.lemon.utils.HttpUtils.printResponse(HttpUtils.java:234) - [ INFO ]----200
2020-07-05 16:46:30 method: com.lemon.utils.HttpUtils.printResponse(HttpUtils.java:222) - [ INFO ]----[Server: nginx/1.4.2, Date: Sun, 05 Jul 2020 08:46:30 GMT, Content-Type: application/json;charset=UTF-8, Transfer-Encoding: chunked, Connection: keep-alive]
2020-07-05 16:46:30 method: com.lemon.utils.HttpUtils.printResponse(HttpUtils.java:228) - [ INFO ]----{"code":2,"msg":"余额必须为数值型","data":null,"copyright":"Copyright 柠檬班 © 2017-2020 湖南省零檬信息技术有限公司 All Rights Reserved"}
2020-07-05 16:46:30 method: com.lemon.utils.HttpUtils.printResponse(HttpUtils.java:234) - [ INFO ]----200
2020-07-05 16:46:30 method: com.lemon.utils.HttpUtils.printResponse(HttpUtils.java:222) - [ INFO ]----[Server: nginx/1.4.2, Date: Sun, 05 Jul 2020 08:46:31 GMT, Content-Type: application/json;charset=UTF-8, Transfer-Encoding: chunked, Connection: keep-alive]
2020-07-05 16:46:30 method: com.lemon.utils.HttpUtils.printResponse(HttpUtils.java:228) - [ INFO ]----{"code":0,"msg":"OK","data":{"id":215223,"leave_amount":311500.0,"mobile_phone":"18774609323","reg_name":"小柠檬","reg_time":"2020-07-02 17:00:50.0","type":0},"copyright":"Copyright 柠檬班 © 2017-2020 湖南省零檬信息技术有限公司 All Rights Reserved"}
2020-07-05 16:46:30 method: com.lemon.utils.HttpUtils.printResponse(HttpUtils.java:234) - [ INFO ]----200
2020-07-05 16:46:31 method: com.lemon.utils.HttpUtils.printResponse(HttpUtils.java:222) - [ INFO ]----[Server: nginx/1.4.2, Date: Sun, 05 Jul 2020 08:46:32 GMT, Content-Type: application/json;charset=UTF-8, Transfer-Encoding: chunked, Connection: keep-alive]
2020-07-05 16:46:31 method: com.lemon.utils.HttpUtils.printResponse(HttpUtils.java:228) - [ INFO ]----{"code":0,"msg":"OK","data":{"id":215223,"leave_amount":315000.0,"mobile_phone":"18774609323","reg_name":"小柠檬","reg_time":"2020-07-02 17:00:50.0","type":0},"copyright":"Copyright 柠檬班 © 2017-2020 湖南省零檬信息技术有限公司 All Rights Reserved"}
2020-07-05 16:46:31 method: com.lemon.utils.HttpUtils.printResponse(HttpUtils.java:234) - [ INFO ]----200
2020-07-05 16:46:32 method: com.lemon.utils.HttpUtils.printResponse(HttpUtils.java:222) - [ INFO ]----[Server: nginx/1.4.2, Date: Sun, 05 Jul 2020 08:46:32 GMT, Content-Type: application/json;charset=UTF-8, Transfer-Encoding: chunked, Connection: keep-alive]
2020-07-05 16:46:32 method: com.lemon.utils.HttpUtils.printResponse(HttpUtils.java:228) - [ INFO ]----{"code":0,"msg":"OK","data":{"id":1301835,"member_id":215223,"title":"报名 Java 全栈自动化课程","amount":6300.0,"loan_rate":12.0,"loan_term":12,"loan_date_type":1,"bidding_days":5,"create_time":"2020-07-05 16:46:32.0","bidding_start_time":null,"full_time":null,"status":1},"copyright":"Copyright 柠檬班 © 2017-2020 湖南省零檬信息技术有限公司 All Rights Reserved"}
2020-07-05 16:46:32 method: com.lemon.utils.HttpUtils.printResponse(HttpUtils.java:234) - [ INFO ]----200
2020-07-05 16:46:32 method: com.lemon.utils.HttpUtils.printResponse(HttpUtils.java:222) - [ INFO ]----[Server: nginx/1.4.2, Date: Sun, 05 Jul 2020 08:46:32 GMT, Content-Type: application/json;charset=UTF-8, Transfer-Encoding: chunked, Connection: keep-alive]
2020-07-05 16:46:32 method: com.lemon.utils.HttpUtils.printResponse(HttpUtils.java:228) - [ INFO ]----{"code":0,"msg":"OK","data":{"id":215199,"leave_amount":-275800.0,"mobile_phone":"18774609321","reg_name":"小柠檬","reg_time":"2020-07-02 16:38:14.0","type":0,"token_info":{"token_type":"Bearer","expires_in":"2020-07-05 16:51:32","token":"eyJhbGciOiJIUzUxMiJ9.eyJtZW1iZXJfaWQiOjIxNTE5OSwiZXhwIjoxNTkzOTM5MDkyfQ.LYYwn3mCJicXG3ly8SR7KSj0c3iUVTiBBQpRLnWfJUefKK1-53njeOscjRF1jSvUGVTGSxXiYlJP1PipfFn9xg"}},"copyright":"Copyright 柠檬班 © 2017-2020 湖南省零檬信息技术有限公司 All Rights Reserved"}
2020-07-05 16:46:32 method: com.lemon.utils.HttpUtils.printResponse(HttpUtils.java:234) - [ INFO ]----200
2020-07-05 16:46:32 method: com.lemon.utils.HttpUtils.printResponse(HttpUtils.java:222) - [ INFO ]----[Server: nginx/1.4.2, Date: Sun, 05 Jul 2020 08:46:32 GMT, Content-Type: application/json;charset=UTF-8, Transfer-Encoding: chunked, Connection: keep-alive]
2020-07-05 16:46:32 method: com.lemon.utils.HttpUtils.printResponse(HttpUtils.java:228) - [ INFO ]----{"code":0,"msg":"OK","data":null,"copyright":"Copyright 柠檬班 © 2017-2020 湖南省零檬信息技术有限公司 All Rights Reserved"}
2020-07-05 16:46:32 method: com.lemon.utils.HttpUtils.printResponse(HttpUtils.java:234) - [ INFO ]----200
2020-07-05 16:46:32 method: com.lemon.utils.HttpUtils.printResponse(HttpUtils.java:222) - [ INFO ]----[Server: nginx/1.4.2, Date: Sun, 05 Jul 2020 08:46:33 GMT, Content-Type: application/json;charset=UTF-8, Transfer-Encoding: chunked, Connection: keep-alive]
2020-07-05 16:46:32 method: com.lemon.utils.HttpUtils.printResponse(HttpUtils.java:228) - [ INFO ]----{"code":0,"msg":"OK","data":{"id":6496,"member_id":215199,"loan_id":1301835,"amount":6300.0,"create_time":"2020-07-05 16:46:33","is_valid":1},"copyright":"Copyright 柠檬班 © 2017-2020 湖南省零檬信息技术有限公司 All Rights Reserved"}
2020-07-05 16:46:32 method: com.lemon.utils.HttpUtils.printResponse(HttpUtils.java:234) - [ INFO ]----200
